
> brolab-beats-store@1.0.0 check
> tsc

client/src/components/OptimizedBeatGrid.tsx(69,13): error TS2739: Type 'Beat' is missing the following properties from type 'Beat': name, image
client/src/components/PerformanceOptimizations.tsx(8,46): error TS2307: Cannot find module './audio/WaveformPlayer' or its corresponding type declarations.
client/src/components/PerformanceOptimizations.tsx(9,47): error TS2307: Cannot find module './filters/AdvancedFilters' or its corresponding type declarations.
client/src/components/ResponsiveBeatCard.tsx(150,17): error TS2322: Type '{ id: string; name: string; price: number; image: string; }' is not assignable to type 'ProductLike & { name?: string | undefined; }'.
  Property 'title' is missing in type '{ id: string; name: string; price: number; image: string; }' but required in type 'ProductLike'.
client/src/components/ResponsiveBeatCard.tsx(195,19): error TS2322: Type '{ id: string; name: string; price: number; image: string; }' is not assignable to type 'ProductLike & { name?: string | undefined; }'.
  Property 'title' is missing in type '{ id: string; name: string; price: number; image: string; }' but required in type 'ProductLike'.
client/src/components/SearchHero.tsx(188,43): error TS7006: Parameter 'product' implicitly has an 'any' type.
client/src/components/WaveformPlayer.tsx(49,7): error TS2353: Object literal may only specify known properties, and 'responsive' does not exist in type 'WaveSurferOptions'.
client/src/components/WaveformPlayer.tsx(73,19): error TS2345: Argument of type '"seek"' is not assignable to parameter of type 'keyof WaveSurferEvents'.
client/src/components/layout/navbar.tsx(137,34): error TS2339: Property 'username' does not exist on type '{}'.
client/src/components/layout/navbar.tsx(217,42): error TS2339: Property 'username' does not exist on type '{}'.
client/src/components/layout/navbar.tsx(269,36): error TS2339: Property 'username' does not exist on type '{}'.
client/src/components/payment/ApplePayButton.tsx(21,17): error TS2339: Property 'ApplePaySession' does not exist on type 'Window & typeof globalThis'.
client/src/components/payment/ApplePayButton.tsx(21,44): error TS2339: Property 'ApplePaySession' does not exist on type 'Window & typeof globalThis'.
client/src/components/payment/ApplePayButton.tsx(40,34): error TS2339: Property 'ApplePaySession' does not exist on type 'Window & typeof globalThis'.
client/src/components/payment/ApplePayButton.tsx(42,43): error TS7006: Parameter 'event' implicitly has an 'any' type.
client/src/components/payment/ApplePayButton.tsx(55,44): error TS7006: Parameter 'event' implicitly has an 'any' type.
client/src/components/payment/ApplePayButton.tsx(65,44): error TS2339: Property 'ApplePaySession' does not exist on type 'Window & typeof globalThis'.
client/src/components/payment/ApplePayButton.tsx(68,44): error TS2339: Property 'ApplePaySession' does not exist on type 'Window & typeof globalThis'.
client/src/components/payment/ApplePayButton.tsx(72,42): error TS2339: Property 'ApplePaySession' does not exist on type 'Window & typeof globalThis'.
client/src/components/payment/ApplePayButton.tsx(86,15): error TS2339: Property 'ApplePaySession' does not exist on type 'Window & typeof globalThis'.
client/src/components/payment/ApplePayButton.tsx(86,42): error TS2339: Property 'ApplePaySession' does not exist on type 'Window & typeof globalThis'.
client/src/components/payment/GooglePayButton.tsx(21,19): error TS2339: Property 'google' does not exist on type 'Window & typeof globalThis'.
client/src/components/payment/GooglePayButton.tsx(37,35): error TS2339: Property 'google' does not exist on type 'Window & typeof globalThis'.
client/src/components/payment/SubscriptionBilling.tsx(39,15): error TS2339: Property 'stripeCustomerId' does not exist on type 'User'.
client/src/components/payment/SubscriptionBilling.tsx(47,54): error TS2339: Property 'stripeCustomerId' does not exist on type 'User'.
client/src/components/payment/SubscriptionBilling.tsx(48,50): error TS2339: Property 'stripeCustomerId' does not exist on type 'User'.
client/src/lib/cart.ts(53,5): error TS2322: Type 'string' is not assignable to type 'number'.
client/src/pages/MembershipPage.tsx(189,59): error TS2345: Argument of type '"monthly" | "yearly"' is not assignable to parameter of type '"monthly" | "annual"'.
  Type '"yearly"' is not assignable to type '"monthly" | "annual"'.
client/src/pages/cart.tsx(171,19): error TS2339: Property 'subtotal' does not exist on type 'Cart'.
client/src/pages/home.tsx(23,11): error TS2339: Property 'products' does not exist on type '{ useProducts: (filters?: { category?: string | undefined; search?: string | undefined; min_price?: number | undefined; max_price?: number | undefined; per_page?: number | undefined; page?: number | undefined; orderby?: "title" | ... 3 more ... | undefined; order?: "desc" | ... 1 more ... | undefined; } | undefined)...'.
client/src/pages/home.tsx(23,28): error TS2339: Property 'isLoading' does not exist on type '{ useProducts: (filters?: { category?: string | undefined; search?: string | undefined; min_price?: number | undefined; max_price?: number | undefined; per_page?: number | undefined; page?: number | undefined; orderby?: "title" | ... 3 more ... | undefined; order?: "desc" | ... 1 more ... | undefined; } | undefined)...'.
client/src/pages/home.tsx(23,57): error TS2554: Expected 0 arguments, but got 1.
client/src/pages/home.tsx(185,45): error TS7006: Parameter 'index' implicitly has an 'any' type.
client/src/pages/payment-dashboard.tsx(149,19): error TS2322: Type 'Dispatch<SetStateAction<null>>' is not assignable to type '(plan: PaymentPlan | null) => void'.
  Types of parameters 'value' and 'plan' are incompatible.
    Type 'PaymentPlan | null' is not assignable to type 'SetStateAction<null>'.
      Type 'PaymentPlan' is not assignable to type 'SetStateAction<null>'.
        Type 'PaymentPlan' provides no match for the signature '(prevState: null): null'.
client/src/pages/product.tsx(211,53): error TS2322: Type 'Dispatch<SetStateAction<"basic" | "premium" | "unlimited">>' is not assignable to type '(value: string) => void'.
  Types of parameters 'value' and 'value' are incompatible.
    Type 'string' is not assignable to type 'SetStateAction<"basic" | "premium" | "unlimited">'.
client/src/pages/shop.tsx(68,62): error TS2345: Argument of type '{ min_price: string; max_price: string; page: number; per_page: number; search: string | undefined; category: string | undefined; orderby: "date" | "price"; order: "desc" | "asc"; } | { ...; } | { ...; }' is not assignable to parameter of type '{ category?: string | undefined; search?: string | undefined; min_price?: number | undefined; max_price?: number | undefined; per_page?: number | undefined; page?: number | undefined; orderby?: "title" | ... 3 more ... | undefined; order?: "desc" | ... 1 more ... | undefined; } | undefined'.
  Type '{ min_price: string; max_price: string; page: number; per_page: number; search: string | undefined; category: string | undefined; orderby: "date" | "price"; order: "desc" | "asc"; }' is not assignable to type '{ category?: string | undefined; search?: string | undefined; min_price?: number | undefined; max_price?: number | undefined; per_page?: number | undefined; page?: number | undefined; orderby?: "title" | ... 3 more ... | undefined; order?: "desc" | ... 1 more ... | undefined; }'.
    Types of property 'min_price' are incompatible.
      Type 'string' is not assignable to type 'number'.
client/src/pages/shop.tsx(190,15): error TS2322: Type 'Dispatch<SetStateAction<{ genres: never[]; moods: never[]; keys: never[]; bpmRange: [number, number]; timeSignature: never[]; instruments: never[]; producers: never[]; tags: never[]; duration: [number, number]; priceRange: [number, number]; ... 4 more ...; isFree: boolean; }>>' is not assignable to type '(filters: AdvancedFilters) => void'.
  Types of parameters 'value' and 'filters' are incompatible.
    Type 'AdvancedFilters' is not assignable to type 'SetStateAction<{ genres: never[]; moods: never[]; keys: never[]; bpmRange: [number, number]; timeSignature: never[]; instruments: never[]; producers: never[]; tags: never[]; duration: [number, number]; priceRange: [number, number]; ... 4 more ...; isFree: boolean; }>'.
      Type 'AdvancedFilters' is not assignable to type '{ genres: never[]; moods: never[]; keys: never[]; bpmRange: [number, number]; timeSignature: never[]; instruments: never[]; producers: never[]; tags: never[]; duration: [number, number]; priceRange: [number, number]; ... 4 more ...; isFree: boolean; }'.
        Types of property 'genres' are incompatible.
          Type 'string[]' is not assignable to type 'never[]'.
            Type 'string' is not assignable to type 'never'.
client/src/pages/shop.tsx(477,29): error TS2322: Type '{ id: any; name: any; price: number; image: any; }' is not assignable to type 'ProductLike & { name?: string | undefined; }'.
  Property 'title' is missing in type '{ id: any; name: any; price: number; image: any; }' but required in type 'ProductLike'.
server/routes/woo.ts(3,71): error TS2307: Cannot find module '../services/woo' or its corresponding type declarations.
server/routes/wp.ts(3,68): error TS2307: Cannot find module '../services/wp' or its corresponding type declarations.
