<?xml version="1.0" encoding="UTF-8"?>
<coverage generated="1756742609074" clover="3.2.0">
  <project timestamp="1756742609074" name="All files">
    <metrics statements="430" coveredstatements="185" conditionals="220" coveredconditionals="69" methods="109" coveredmethods="20" elements="759" coveredelements="274" complexity="0" loc="430" ncloc="430" packages="1" files="13" classes="13"/>
    <file name="accessControl.ts" path="C:\Users\TREIGUA\Desktop\WEBSITE\Replit BroLab\BroLab\server\lib\accessControl.ts">
      <metrics statements="13" coveredstatements="13" conditionals="28" coveredconditionals="27" methods="1" coveredmethods="1"/>
      <line num="21" count="1" type="stmt"/>
      <line num="27" count="21" type="cond" truecount="2" falsecount="0"/>
      <line num="29" count="17" type="cond" truecount="2" falsecount="0"/>
      <line num="31" count="13" type="cond" truecount="10" falsecount="0"/>
      <line num="32" count="2" type="stmt"/>
      <line num="35" count="11" type="cond" truecount="2" falsecount="0"/>
      <line num="36" count="3" type="cond" truecount="2" falsecount="0"/>
      <line num="37" count="1" type="cond" truecount="1" falsecount="1"/>
      <line num="40" count="8" type="cond" truecount="2" falsecount="0"/>
      <line num="42" count="3" type="cond" truecount="2" falsecount="0"/>
      <line num="43" count="2" type="stmt"/>
      <line num="46" count="5" type="cond" truecount="4" falsecount="0"/>
      <line num="48" count="4" type="stmt"/>
    </file>
    <file name="cliPort.ts" path="C:\Users\TREIGUA\Desktop\WEBSITE\Replit BroLab\BroLab\server\lib\cliPort.ts">
      <metrics statements="21" coveredstatements="21" conditionals="6" coveredconditionals="6" methods="1" coveredmethods="1"/>
      <line num="1" count="1" type="stmt"/>
      <line num="12" count="1" type="stmt"/>
      <line num="13" count="7" type="stmt"/>
      <line num="14" count="7" type="stmt"/>
      <line num="16" count="7" type="stmt"/>
      <line num="17" count="7" type="stmt"/>
      <line num="18" count="9" type="stmt"/>
      <line num="19" count="9" type="stmt"/>
      <line num="20" count="5" type="stmt"/>
      <line num="22" count="4" type="cond" truecount="4" falsecount="0"/>
      <line num="23" count="3" type="stmt"/>
      <line num="24" count="2" type="cond" truecount="2" falsecount="0"/>
      <line num="25" count="1" type="stmt"/>
      <line num="26" count="1" type="stmt"/>
      <line num="28" count="1" type="stmt"/>
      <line num="30" count="1" type="stmt"/>
      <line num="31" count="1" type="stmt"/>
      <line num="32" count="1" type="stmt"/>
      <line num="33" count="1" type="stmt"/>
      <line num="34" count="1" type="stmt"/>
      <line num="38" count="5" type="stmt"/>
    </file>
    <file name="convex.ts" path="C:\Users\TREIGUA\Desktop\WEBSITE\Replit BroLab\BroLab\server\lib\convex.ts">
      <metrics statements="24" coveredstatements="10" conditionals="0" coveredconditionals="0" methods="7" coveredmethods="0"/>
      <line num="1" count="4" type="stmt"/>
      <line num="4" count="4" type="stmt"/>
      <line num="10" count="4" type="stmt"/>
      <line num="13" count="4" type="stmt"/>
      <line num="15" count="0" type="stmt"/>
      <line num="16" count="0" type="stmt"/>
      <line num="19" count="4" type="stmt"/>
      <line num="21" count="0" type="stmt"/>
      <line num="22" count="0" type="stmt"/>
      <line num="25" count="4" type="stmt"/>
      <line num="27" count="0" type="stmt"/>
      <line num="28" count="0" type="stmt"/>
      <line num="31" count="4" type="stmt"/>
      <line num="33" count="0" type="stmt"/>
      <line num="34" count="0" type="stmt"/>
      <line num="37" count="4" type="stmt"/>
      <line num="39" count="0" type="stmt"/>
      <line num="40" count="0" type="stmt"/>
      <line num="43" count="4" type="stmt"/>
      <line num="45" count="0" type="stmt"/>
      <line num="46" count="0" type="stmt"/>
      <line num="49" count="4" type="stmt"/>
      <line num="51" count="0" type="stmt"/>
      <line num="52" count="0" type="stmt"/>
    </file>
    <file name="db.ts" path="C:\Users\TREIGUA\Desktop\WEBSITE\Replit BroLab\BroLab\server\lib\db.ts">
      <metrics statements="91" coveredstatements="30" conditionals="16" coveredconditionals="0" methods="31" coveredmethods="0"/>
      <line num="16" count="4" type="stmt"/>
      <line num="27" count="4" type="stmt"/>
      <line num="29" count="0" type="stmt"/>
      <line num="30" count="0" type="stmt"/>
      <line num="34" count="4" type="stmt"/>
      <line num="36" count="0" type="stmt"/>
      <line num="37" count="0" type="stmt"/>
      <line num="41" count="4" type="stmt"/>
      <line num="42" count="0" type="stmt"/>
      <line num="46" count="4" type="stmt"/>
      <line num="47" count="0" type="stmt"/>
      <line num="48" count="0" type="cond" truecount="0" falsecount="2"/>
      <line num="49" count="0" type="stmt"/>
      <line num="53" count="4" type="stmt"/>
      <line num="62" count="0" type="stmt"/>
      <line num="64" count="0" type="stmt"/>
      <line num="65" count="0" type="stmt"/>
      <line num="72" count="0" type="stmt"/>
      <line num="81" count="0" type="stmt"/>
      <line num="82" count="0" type="stmt"/>
      <line num="87" count="4" type="stmt"/>
      <line num="89" count="0" type="stmt"/>
      <line num="90" count="0" type="stmt"/>
      <line num="94" count="4" type="stmt"/>
      <line num="96" count="0" type="stmt"/>
      <line num="97" count="0" type="stmt"/>
      <line num="101" count="4" type="stmt"/>
      <line num="103" count="0" type="stmt"/>
      <line num="104" count="0" type="stmt"/>
      <line num="107" count="4" type="stmt"/>
      <line num="109" count="0" type="stmt"/>
      <line num="110" count="0" type="stmt"/>
      <line num="114" count="4" type="stmt"/>
      <line num="127" count="0" type="stmt"/>
      <line num="136" count="4" type="stmt"/>
      <line num="138" count="0" type="stmt"/>
      <line num="139" count="0" type="stmt"/>
      <line num="142" count="4" type="stmt"/>
      <line num="144" count="0" type="stmt"/>
      <line num="145" count="0" type="stmt"/>
      <line num="149" count="4" type="stmt"/>
      <line num="151" count="0" type="stmt"/>
      <line num="152" count="0" type="stmt"/>
      <line num="155" count="4" type="stmt"/>
      <line num="157" count="0" type="stmt"/>
      <line num="158" count="0" type="stmt"/>
      <line num="161" count="4" type="stmt"/>
      <line num="170" count="0" type="stmt"/>
      <line num="171" count="0" type="stmt"/>
      <line num="174" count="4" type="stmt"/>
      <line num="176" count="0" type="stmt"/>
      <line num="179" count="4" type="stmt"/>
      <line num="180" count="0" type="stmt"/>
      <line num="185" count="0" type="cond" truecount="0" falsecount="2"/>
      <line num="186" count="0" type="stmt"/>
      <line num="190" count="4" type="stmt"/>
      <line num="192" count="0" type="stmt"/>
      <line num="196" count="4" type="stmt"/>
      <line num="198" count="0" type="stmt"/>
      <line num="199" count="0" type="stmt"/>
      <line num="203" count="4" type="stmt"/>
      <line num="207" count="0" type="stmt"/>
      <line num="208" count="0" type="stmt"/>
      <line num="212" count="4" type="stmt"/>
      <line num="213" count="0" type="stmt"/>
      <line num="214" count="0" type="cond" truecount="0" falsecount="2"/>
      <line num="215" count="0" type="stmt"/>
      <line num="219" count="4" type="stmt"/>
      <line num="221" count="0" type="stmt"/>
      <line num="222" count="0" type="stmt"/>
      <line num="226" count="4" type="stmt"/>
      <line num="228" count="0" type="stmt"/>
      <line num="229" count="0" type="stmt"/>
      <line num="233" count="4" type="stmt"/>
      <line num="234" count="0" type="stmt"/>
      <line num="235" count="0" type="cond" truecount="0" falsecount="2"/>
      <line num="236" count="0" type="stmt"/>
      <line num="239" count="4" type="stmt"/>
      <line num="241" count="0" type="stmt"/>
      <line num="242" count="0" type="stmt"/>
      <line num="245" count="4" type="stmt"/>
      <line num="247" count="0" type="stmt"/>
      <line num="248" count="0" type="stmt"/>
      <line num="251" count="4" type="stmt"/>
      <line num="256" count="0" type="stmt"/>
      <line num="257" count="0" type="stmt"/>
      <line num="260" count="4" type="stmt"/>
      <line num="265" count="0" type="stmt"/>
      <line num="266" count="0" type="stmt"/>
      <line num="270" count="4" type="stmt"/>
      <line num="272" count="0" type="stmt"/>
    </file>
    <file name="env.ts" path="C:\Users\TREIGUA\Desktop\WEBSITE\Replit BroLab\BroLab\server\lib\env.ts">
      <metrics statements="13" coveredstatements="9" conditionals="10" coveredconditionals="5" methods="4" coveredmethods="1"/>
      <line num="1" count="2" type="stmt"/>
      <line num="3" count="2" type="cond" truecount="1" falsecount="1"/>
      <line num="5" count="2" type="stmt"/>
      <line num="31" count="0" type="stmt"/>
      <line num="35" count="0" type="stmt"/>
      <line num="46" count="2" type="stmt"/>
      <line num="47" count="2" type="stmt"/>
      <line num="48" count="2" type="cond" truecount="1" falsecount="1"/>
      <line num="49" count="0" type="stmt"/>
      <line num="50" count="0" type="stmt"/>
      <line num="52" count="2" type="stmt"/>
      <line num="53" count="2" type="stmt"/>
      <line num="62" count="2" type="stmt"/>
    </file>
    <file name="findFreePort.ts" path="C:\Users\TREIGUA\Desktop\WEBSITE\Replit BroLab\BroLab\server\lib\findFreePort.ts">
      <metrics statements="30" coveredstatements="5" conditionals="18" coveredconditionals="0" methods="10" coveredmethods="0"/>
      <line num="1" count="1" type="stmt"/>
      <line num="2" count="1" type="stmt"/>
      <line num="4" count="1" type="cond" truecount="0" falsecount="1"/>
      <line num="5" count="0" type="stmt"/>
      <line num="6" count="0" type="stmt"/>
      <line num="7" count="0" type="stmt"/>
      <line num="8" count="0" type="stmt"/>
      <line num="9" count="0" type="stmt"/>
      <line num="11" count="0" type="cond" truecount="0" falsecount="2"/>
      <line num="12" count="0" type="stmt"/>
      <line num="15" count="0" type="stmt"/>
      <line num="19" count="0" type="stmt"/>
      <line num="24" count="0" type="stmt"/>
      <line num="27" count="1" type="stmt"/>
      <line num="28" count="0" type="stmt"/>
      <line num="29" count="0" type="stmt"/>
      <line num="30" count="0" type="stmt"/>
      <line num="34" count="0" type="stmt"/>
      <line num="35" count="0" type="cond" truecount="0" falsecount="2"/>
      <line num="36" count="0" type="cond" truecount="0" falsecount="2"/>
      <line num="38" count="0" type="stmt"/>
      <line num="39" count="0" type="cond" truecount="0" falsecount="5"/>
      <line num="40" count="0" type="stmt"/>
      <line num="47" count="1" type="stmt"/>
      <line num="48" count="0" type="stmt"/>
      <line num="50" count="0" type="stmt"/>
      <line num="51" count="0" type="cond" truecount="0" falsecount="2"/>
      <line num="52" count="0" type="cond" truecount="0" falsecount="2"/>
      <line num="53" count="0" type="cond" truecount="0" falsecount="2"/>
      <line num="55" count="0" type="stmt"/>
    </file>
    <file name="logger.ts" path="C:\Users\TREIGUA\Desktop\WEBSITE\Replit BroLab\BroLab\server\lib\logger.ts">
      <metrics statements="5" coveredstatements="3" conditionals="3" coveredconditionals="0" methods="4" coveredmethods="2"/>
      <line num="10" count="2" type="stmt"/>
      <line num="13" count="2" type="stmt"/>
      <line num="16" count="2" type="stmt"/>
      <line num="19" count="0" type="stmt"/>
      <line num="22" count="0" type="stmt"/>
    </file>
    <file name="monitoring.ts" path="C:\Users\TREIGUA\Desktop\WEBSITE\Replit BroLab\BroLab\server\lib\monitoring.ts">
      <metrics statements="72" coveredstatements="7" conditionals="28" coveredconditionals="0" methods="15" coveredmethods="2"/>
      <line num="22" count="4" type="stmt"/>
      <line num="23" count="4" type="stmt"/>
      <line num="24" count="4" type="stmt"/>
      <line num="25" count="4" type="stmt"/>
      <line num="29" count="0" type="stmt"/>
      <line num="30" count="0" type="stmt"/>
      <line num="52" count="0" type="stmt"/>
      <line num="53" count="0" type="stmt"/>
      <line num="60" count="0" type="stmt"/>
      <line num="72" count="0" type="stmt"/>
      <line num="73" count="0" type="stmt"/>
      <line num="93" count="0" type="stmt"/>
      <line num="94" count="0" type="stmt"/>
      <line num="101" count="0" type="stmt"/>
      <line num="113" count="0" type="stmt"/>
      <line num="114" count="0" type="stmt"/>
      <line num="115" count="0" type="stmt"/>
      <line num="122" count="0" type="stmt"/>
      <line num="124" count="0" type="cond" truecount="0" falsecount="2"/>
      <line num="125" count="0" type="stmt"/>
      <line num="128" count="0" type="stmt"/>
      <line num="135" count="0" type="stmt"/>
      <line num="147" count="0" type="stmt"/>
      <line num="153" count="0" type="stmt"/>
      <line num="154" count="0" type="stmt"/>
      <line num="159" count="0" type="stmt"/>
      <line num="160" count="0" type="stmt"/>
      <line num="162" count="0" type="cond" truecount="0" falsecount="2"/>
      <line num="164" count="0" type="cond" truecount="0" falsecount="2"/>
      <line num="165" count="0" type="cond" truecount="0" falsecount="2"/>
      <line num="169" count="0" type="stmt"/>
      <line num="170" count="0" type="stmt"/>
      <line num="171" count="0" type="stmt"/>
      <line num="172" count="0" type="cond" truecount="0" falsecount="2"/>
      <line num="173" count="0" type="stmt"/>
      <line num="174" count="0" type="stmt"/>
      <line num="181" count="0" type="stmt"/>
      <line num="182" count="0" type="stmt"/>
      <line num="185" count="0" type="stmt"/>
      <line num="186" count="0" type="stmt"/>
      <line num="188" count="0" type="stmt"/>
      <line num="189" count="0" type="stmt"/>
      <line num="190" count="0" type="cond" truecount="0" falsecount="2"/>
      <line num="191" count="0" type="stmt"/>
      <line num="192" count="0" type="cond" truecount="0" falsecount="2"/>
      <line num="196" count="0" type="cond" truecount="0" falsecount="2"/>
      <line num="198" count="0" type="stmt"/>
      <line num="215" count="0" type="stmt"/>
      <line num="230" count="0" type="stmt"/>
      <line num="235" count="0" type="stmt"/>
      <line num="241" count="0" type="stmt"/>
      <line num="242" count="0" type="stmt"/>
      <line num="245" count="0" type="stmt"/>
      <line num="246" count="0" type="cond" truecount="0" falsecount="2"/>
      <line num="249" count="0" type="stmt"/>
      <line num="250" count="0" type="stmt"/>
      <line num="262" count="0" type="cond" truecount="0" falsecount="2"/>
      <line num="263" count="0" type="stmt"/>
      <line num="274" count="0" type="stmt"/>
      <line num="279" count="2" type="stmt"/>
      <line num="280" count="0" type="stmt"/>
      <line num="281" count="0" type="stmt"/>
      <line num="283" count="0" type="stmt"/>
      <line num="284" count="0" type="stmt"/>
      <line num="285" count="0" type="stmt"/>
      <line num="287" count="0" type="stmt"/>
      <line num="290" count="0" type="cond" truecount="0" falsecount="2"/>
      <line num="291" count="0" type="stmt"/>
      <line num="303" count="0" type="stmt"/>
      <line num="306" count="0" type="stmt"/>
      <line num="311" count="4" type="stmt"/>
      <line num="312" count="4" type="stmt"/>
    </file>
    <file name="pdf.ts" path="C:\Users\TREIGUA\Desktop\WEBSITE\Replit BroLab\BroLab\server\lib\pdf.ts">
      <metrics statements="28" coveredstatements="3" conditionals="36" coveredconditionals="0" methods="2" coveredmethods="0"/>
      <line num="1" count="4" type="stmt"/>
      <line num="2" count="4" type="stmt"/>
      <line num="12" count="4" type="stmt"/>
      <line num="17" count="0" type="stmt"/>
      <line num="19" count="0" type="stmt"/>
      <line num="20" count="0" type="cond" truecount="0" falsecount="4"/>
      <line num="21" count="0" type="stmt"/>
      <line num="23" count="0" type="stmt"/>
      <line num="24" count="0" type="cond" truecount="0" falsecount="2"/>
      <line num="25" count="0" type="stmt"/>
      <line num="26" count="0" type="stmt"/>
      <line num="28" count="0" type="stmt"/>
      <line num="29" count="0" type="cond" truecount="0" falsecount="2"/>
      <line num="30" count="0" type="stmt"/>
      <line num="31" count="0" type="stmt"/>
      <line num="33" count="0" type="stmt"/>
      <line num="34" count="0" type="stmt"/>
      <line num="35" count="0" type="stmt"/>
      <line num="36" count="0" type="stmt"/>
      <line num="37" count="0" type="stmt"/>
      <line num="38" count="0" type="stmt"/>
      <line num="39" count="0" type="cond" truecount="0" falsecount="8"/>
      <line num="44" count="0" type="stmt"/>
      <line num="46" count="0" type="stmt"/>
      <line num="47" count="0" type="stmt"/>
      <line num="49" count="0" type="cond" truecount="0" falsecount="6"/>
      <line num="50" count="0" type="stmt"/>
      <line num="51" count="0" type="stmt"/>
    </file>
    <file name="sitemapGenerator.ts" path="C:\Users\TREIGUA\Desktop\WEBSITE\Replit BroLab\BroLab\server\lib\sitemapGenerator.ts">
      <metrics statements="37" coveredstatements="25" conditionals="26" coveredconditionals="10" methods="9" coveredmethods="3"/>
      <line num="21" count="2" type="stmt"/>
      <line num="26" count="2" type="cond" truecount="0" falsecount="3"/>
      <line num="28" count="2" type="stmt"/>
      <line num="31" count="2" type="stmt"/>
      <line num="39" count="2" type="stmt"/>
      <line num="47" count="2" type="cond" truecount="1" falsecount="1"/>
      <line num="48" count="2" type="stmt"/>
      <line num="56" count="2" type="stmt"/>
      <line num="57" count="10" type="stmt"/>
      <line num="67" count="2" type="cond" truecount="3" falsecount="1"/>
      <line num="68" count="0" type="stmt"/>
      <line num="69" count="0" type="stmt"/>
      <line num="79" count="2" type="stmt"/>
      <line num="80" count="0" type="stmt"/>
      <line num="87" count="0" type="stmt"/>
      <line num="91" count="2" type="stmt"/>
      <line num="95" count="14" type="stmt"/>
      <line num="98" count="14" type="cond" truecount="1" falsecount="1"/>
      <line num="99" count="14" type="stmt"/>
      <line num="102" count="14" type="cond" truecount="1" falsecount="1"/>
      <line num="103" count="14" type="stmt"/>
      <line num="106" count="14" type="cond" truecount="1" falsecount="1"/>
      <line num="107" count="14" type="stmt"/>
      <line num="111" count="14" type="cond" truecount="3" falsecount="2"/>
      <line num="112" count="0" type="stmt"/>
      <line num="113" count="0" type="stmt"/>
      <line num="115" count="0" type="cond" truecount="0" falsecount="4"/>
      <line num="116" count="0" type="stmt"/>
      <line num="124" count="14" type="stmt"/>
      <line num="125" count="14" type="stmt"/>
      <line num="129" count="2" type="stmt"/>
      <line num="135" count="2" type="stmt"/>
      <line num="136" count="0" type="stmt"/>
      <line num="138" count="0" type="stmt"/>
      <line num="144" count="0" type="stmt"/>
      <line num="150" count="2" type="stmt"/>
      <line num="151" count="0" type="stmt"/>
    </file>
    <file name="storage.ts" path="C:\Users\TREIGUA\Desktop\WEBSITE\Replit BroLab\BroLab\server\lib\storage.ts">
      <metrics statements="9" coveredstatements="5" conditionals="2" coveredconditionals="0" methods="5" coveredmethods="0"/>
      <line num="4" count="4" type="stmt"/>
      <line num="11" count="4" type="stmt"/>
      <line num="12" count="0" type="stmt"/>
      <line num="36" count="0" type="stmt"/>
      <line num="40" count="4" type="stmt"/>
      <line num="41" count="0" type="stmt"/>
      <line num="54" count="0" type="stmt"/>
      <line num="58" count="4" type="stmt"/>
      <line num="69" count="4" type="stmt"/>
    </file>
    <file name="upload.ts" path="C:\Users\TREIGUA\Desktop\WEBSITE\Replit BroLab\BroLab\server\lib\upload.ts">
      <metrics statements="29" coveredstatements="8" conditionals="22" coveredconditionals="0" methods="6" coveredmethods="0"/>
      <line num="1" count="4" type="stmt"/>
      <line num="3" count="4" type="stmt"/>
      <line num="6" count="4" type="stmt"/>
      <line num="13" count="4" type="stmt"/>
      <line num="20" count="4" type="stmt"/>
      <line num="21" count="0" type="stmt"/>
      <line num="28" count="0" type="stmt"/>
      <line num="31" count="0" type="stmt"/>
      <line num="32" count="0" type="cond" truecount="0" falsecount="2"/>
      <line num="33" count="0" type="stmt"/>
      <line num="37" count="0" type="stmt"/>
      <line num="38" count="0" type="stmt"/>
      <line num="41" count="0" type="cond" truecount="0" falsecount="2"/>
      <line num="42" count="0" type="cond" truecount="0" falsecount="2"/>
      <line num="43" count="0" type="cond" truecount="0" falsecount="6"/>
      <line num="45" count="0" type="cond" truecount="0" falsecount="2"/>
      <line num="46" count="0" type="stmt"/>
      <line num="50" count="0" type="cond" truecount="0" falsecount="2"/>
      <line num="51" count="0" type="cond" truecount="0" falsecount="2"/>
      <line num="52" count="0" type="stmt"/>
      <line num="56" count="0" type="cond" truecount="0" falsecount="2"/>
      <line num="61" count="0" type="stmt"/>
      <line num="68" count="4" type="stmt"/>
      <line num="71" count="0" type="stmt"/>
      <line num="72" count="0" type="stmt"/>
      <line num="76" count="4" type="stmt"/>
      <line num="77" count="0" type="stmt"/>
      <line num="105" count="0" type="stmt"/>
      <line num="111" count="4" type="stmt"/>
    </file>
    <file name="validation.ts" path="C:\Users\TREIGUA\Desktop\WEBSITE\Replit BroLab\BroLab\server\lib\validation.ts">
      <metrics statements="58" coveredstatements="46" conditionals="25" coveredconditionals="21" methods="14" coveredmethods="10"/>
      <line num="1" count="5" type="stmt"/>
      <line num="3" count="5" type="stmt"/>
      <line num="22" count="5" type="stmt"/>
      <line num="28" count="1" type="stmt"/>
      <line num="32" count="5" type="stmt"/>
      <line num="40" count="5" type="stmt"/>
      <line num="43" count="1" type="stmt"/>
      <line num="58" count="5" type="stmt"/>
      <line num="59" count="5" type="stmt"/>
      <line num="66" count="5" type="stmt"/>
      <line num="68" count="15" type="cond" truecount="5" falsecount="0"/>
      <line num="69" count="5" type="stmt"/>
      <line num="73" count="10" type="stmt"/>
      <line num="74" count="10" type="stmt"/>
      <line num="78" count="5" type="cond" truecount="1" falsecount="0"/>
      <line num="79" count="14" type="stmt"/>
      <line num="92" count="14" type="cond" truecount="2" falsecount="0"/>
      <line num="93" count="14" type="stmt"/>
      <line num="97" count="5" type="stmt"/>
      <line num="105" count="5" type="stmt"/>
      <line num="107" count="7" type="stmt"/>
      <line num="108" count="7" type="stmt"/>
      <line num="111" count="5" type="stmt"/>
      <line num="112" count="9" type="stmt"/>
      <line num="113" count="9" type="cond" truecount="2" falsecount="0"/>
      <line num="116" count="5" type="stmt"/>
      <line num="118" count="8" type="stmt"/>
      <line num="120" count="8" type="stmt"/>
      <line num="121" count="8" type="cond" truecount="3" falsecount="0"/>
      <line num="125" count="5" type="stmt"/>
      <line num="126" count="0" type="stmt"/>
      <line num="133" count="5" type="stmt"/>
      <line num="134" count="32" type="stmt"/>
      <line num="135" count="0" type="stmt"/>
      <line num="137" count="0" type="cond" truecount="0" falsecount="2"/>
      <line num="138" count="0" type="stmt"/>
      <line num="140" count="0" type="stmt"/>
      <line num="142" count="0" type="stmt"/>
      <line num="143" count="0" type="stmt"/>
      <line num="144" count="0" type="stmt"/>
      <line num="146" count="0" type="cond" truecount="0" falsecount="2"/>
      <line num="147" count="0" type="stmt"/>
      <line num="148" count="0" type="stmt"/>
      <line num="153" count="0" type="stmt"/>
      <line num="159" count="5" type="stmt"/>
      <line num="160" count="5" type="stmt"/>
      <line num="163" count="5" type="cond" truecount="2" falsecount="0"/>
      <line num="164" count="1" type="stmt"/>
      <line num="168" count="5" type="cond" truecount="2" falsecount="0"/>
      <line num="169" count="2" type="stmt"/>
      <line num="173" count="5" type="cond" truecount="2" falsecount="0"/>
      <line num="174" count="1" type="stmt"/>
      <line num="178" count="5" type="stmt"/>
      <line num="179" count="5" type="stmt"/>
      <line num="180" count="5" type="cond" truecount="2" falsecount="0"/>
      <line num="181" count="1" type="stmt"/>
      <line num="184" count="5" type="stmt"/>
      <line num="190" count="5" type="stmt"/>
    </file>
  </project>
</coverage>
