{"C:\\Users\\TREIGUA\\Desktop\\WEBSITE\\Replit BroLab\\BroLab\\server\\lib\\accessControl.ts": {"path":"C:\\Users\\TREIGUA\\Desktop\\WEBSITE\\Replit BroLab\\BroLab\\server\\lib\\accessControl.ts","statementMap":{"0":{"start":{"line":21,"column":0},"end":{"line":21,"column":16}},"1":{"start":{"line":27,"column":2},"end":{"line":27,"column":50}},"2":{"start":{"line":27,"column":38},"end":{"line":27,"column":50}},"3":{"start":{"line":29,"column":2},"end":{"line":29,"column":53}},"4":{"start":{"line":29,"column":41},"end":{"line":29,"column":53}},"5":{"start":{"line":31,"column":2},"end":{"line":33,"column":3}},"6":{"start":{"line":32,"column":4},"end":{"line":32,"column":17}},"7":{"start":{"line":35,"column":2},"end":{"line":38,"column":3}},"8":{"start":{"line":36,"column":4},"end":{"line":36,"column":60}},"9":{"start":{"line":36,"column":48},"end":{"line":36,"column":60}},"10":{"start":{"line":37,"column":4},"end":{"line":37,"column":46}},"11":{"start":{"line":37,"column":33},"end":{"line":37,"column":46}},"12":{"start":{"line":40,"column":2},"end":{"line":44,"column":3}},"13":{"start":{"line":42,"column":4},"end":{"line":42,"column":41}},"14":{"start":{"line":42,"column":29},"end":{"line":42,"column":41}},"15":{"start":{"line":43,"column":4},"end":{"line":43,"column":17}},"16":{"start":{"line":46,"column":2},"end":{"line":46,"column":68}},"17":{"start":{"line":46,"column":56},"end":{"line":46,"column":68}},"18":{"start":{"line":48,"column":2},"end":{"line":48,"column":15}}},"fnMap":{"0":{"name":"isLicenseAllowedForUser","decl":{"start":{"line":21,"column":16},"end":{"line":21,"column":39}},"loc":{"start":{"line":24,"column":23},"end":{"line":49,"column":1}}}},"branchMap":{"0":{"loc":{"start":{"line":27,"column":2},"end":{"line":27,"column":50}},"type":"if","locations":[{"start":{"line":27,"column":2},"end":{"line":27,"column":50}},{"start":{},"end":{}}]},"1":{"loc":{"start":{"line":29,"column":2},"end":{"line":29,"column":53}},"type":"if","locations":[{"start":{"line":29,"column":2},"end":{"line":29,"column":53}},{"start":{},"end":{}}]},"2":{"loc":{"start":{"line":31,"column":2},"end":{"line":33,"column":3}},"type":"if","locations":[{"start":{"line":31,"column":2},"end":{"line":33,"column":3}},{"start":{},"end":{}}]},"3":{"loc":{"start":{"line":31,"column":6},"end":{"line":31,"column":103}},"type":"binary-expr","locations":[{"start":{"line":31,"column":6},"end":{"line":31,"column":26}},{"start":{"line":31,"column":30},"end":{"line":31,"column":103}}]},"4":{"loc":{"start":{"line":31,"column":6},"end":{"line":31,"column":26}},"type":"cond-expr","locations":[{"start":{"line":31,"column":13},"end":{"line":31,"column":15}},{"start":{"line":31,"column":6},"end":{"line":31,"column":26}}]},"5":{"loc":{"start":{"line":31,"column":6},"end":{"line":31,"column":15}},"type":"binary-expr","locations":[{"start":{"line":31,"column":6},"end":{"line":31,"column":15}},{"start":{"line":31,"column":6},"end":{"line":31,"column":15}}]},"6":{"loc":{"start":{"line":31,"column":63},"end":{"line":31,"column":102}},"type":"binary-expr","locations":[{"start":{"line":31,"column":63},"end":{"line":31,"column":80}},{"start":{"line":31,"column":85},"end":{"line":31,"column":102}}]},"7":{"loc":{"start":{"line":35,"column":2},"end":{"line":38,"column":3}},"type":"if","locations":[{"start":{"line":35,"column":2},"end":{"line":38,"column":3}},{"start":{},"end":{}}]},"8":{"loc":{"start":{"line":36,"column":4},"end":{"line":36,"column":60}},"type":"if","locations":[{"start":{"line":36,"column":4},"end":{"line":36,"column":60}},{"start":{},"end":{}}]},"9":{"loc":{"start":{"line":37,"column":4},"end":{"line":37,"column":46}},"type":"if","locations":[{"start":{"line":37,"column":4},"end":{"line":37,"column":46}},{"start":{},"end":{}}]},"10":{"loc":{"start":{"line":40,"column":2},"end":{"line":44,"column":3}},"type":"if","locations":[{"start":{"line":40,"column":2},"end":{"line":44,"column":3}},{"start":{},"end":{}}]},"11":{"loc":{"start":{"line":42,"column":4},"end":{"line":42,"column":41}},"type":"if","locations":[{"start":{"line":42,"column":4},"end":{"line":42,"column":41}},{"start":{},"end":{}}]},"12":{"loc":{"start":{"line":46,"column":2},"end":{"line":46,"column":68}},"type":"if","locations":[{"start":{"line":46,"column":2},"end":{"line":46,"column":68}},{"start":{},"end":{}}]},"13":{"loc":{"start":{"line":46,"column":7},"end":{"line":46,"column":54}},"type":"binary-expr","locations":[{"start":{"line":46,"column":7},"end":{"line":46,"column":31}},{"start":{"line":46,"column":35},"end":{"line":46,"column":54}}]}},"s":{"0":1,"1":21,"2":4,"3":17,"4":4,"5":13,"6":2,"7":11,"8":3,"9":2,"10":1,"11":1,"12":8,"13":3,"14":1,"15":2,"16":5,"17":1,"18":4},"f":{"0":21},"b":{"0":[4,17],"1":[4,13],"2":[2,11],"3":[13,2],"4":[11,2],"5":[13,13],"6":[2,2],"7":[3,8],"8":[2,1],"9":[1,0],"10":[3,5],"11":[1,2],"12":[1,4],"13":[5,2]}}
,"C:\\Users\\TREIGUA\\Desktop\\WEBSITE\\Replit BroLab\\BroLab\\server\\lib\\cliPort.ts": {"path":"C:\\Users\\TREIGUA\\Desktop\\WEBSITE\\Replit BroLab\\BroLab\\server\\lib\\cliPort.ts","statementMap":{"0":{"start":{"line":12,"column":0},"end":{"line":12,"column":22}},"1":{"start":{"line":1,"column":0},"end":{"line":1,"column":61}},"2":{"start":{"line":13,"column":17},"end":{"line":13,"column":26}},"3":{"start":{"line":14,"column":14},"end":{"line":14,"column":27}},"4":{"start":{"line":16,"column":14},"end":{"line":16,"column":19}},"5":{"start":{"line":17,"column":2},"end":{"line":37,"column":3}},"6":{"start":{"line":18,"column":4},"end":{"line":36,"column":5}},"7":{"start":{"line":19,"column":6},"end":{"line":19,"column":49}},"8":{"start":{"line":20,"column":6},"end":{"line":20,"column":19}},"9":{"start":{"line":22,"column":6},"end":{"line":35,"column":7}},"10":{"start":{"line":23,"column":53},"end":{"line":23,"column":89}},"11":{"start":{"line":24,"column":8},"end":{"line":27,"column":9}},"12":{"start":{"line":25,"column":10},"end":{"line":25,"column":21}},"13":{"start":{"line":26,"column":10},"end":{"line":26,"column":19}},"14":{"start":{"line":28,"column":8},"end":{"line":28,"column":30}},"15":{"start":{"line":30,"column":8},"end":{"line":30,"column":111}},"16":{"start":{"line":31,"column":8},"end":{"line":31,"column":48}},"17":{"start":{"line":32,"column":8},"end":{"line":32,"column":96}},"18":{"start":{"line":33,"column":8},"end":{"line":33,"column":75}},"19":{"start":{"line":34,"column":8},"end":{"line":34,"column":24}},"20":{"start":{"line":38,"column":2},"end":{"line":38,"column":15}}},"fnMap":{"0":{"name":"choosePort","decl":{"start":{"line":12,"column":22},"end":{"line":12,"column":32}},"loc":{"start":{"line":12,"column":49},"end":{"line":39,"column":null}}}},"branchMap":{"0":{"loc":{"start":{"line":22,"column":6},"end":{"line":35,"column":7}},"type":"if","locations":[{"start":{"line":22,"column":6},"end":{"line":35,"column":7}},{"start":{"line":29,"column":13},"end":{"line":35,"column":7}}]},"1":{"loc":{"start":{"line":22,"column":10},"end":{"line":22,"column":34}},"type":"binary-expr","locations":[{"start":{"line":22,"column":10},"end":{"line":22,"column":20}},{"start":{"line":22,"column":24},"end":{"line":22,"column":34}}]},"2":{"loc":{"start":{"line":24,"column":8},"end":{"line":27,"column":9}},"type":"if","locations":[{"start":{"line":24,"column":8},"end":{"line":27,"column":9}},{"start":{},"end":{}}]}},"s":{"0":1,"1":1,"2":7,"3":7,"4":7,"5":7,"6":9,"7":9,"8":5,"9":4,"10":3,"11":2,"12":1,"13":1,"14":1,"15":1,"16":1,"17":1,"18":1,"19":1,"20":5},"f":{"0":7},"b":{"0":[3,1],"1":[4,3],"2":[1,1]}}
,"C:\\Users\\TREIGUA\\Desktop\\WEBSITE\\Replit BroLab\\BroLab\\server\\lib\\convex.ts": {"path":"C:\\Users\\TREIGUA\\Desktop\\WEBSITE\\Replit BroLab\\BroLab\\server\\lib\\convex.ts","statementMap":{"0":{"start":{"line":13,"column":0},"end":{"line":13,"column":22}},"1":{"start":{"line":19,"column":0},"end":{"line":19,"column":22}},"2":{"start":{"line":25,"column":0},"end":{"line":25,"column":22}},"3":{"start":{"line":31,"column":0},"end":{"line":31,"column":22}},"4":{"start":{"line":37,"column":0},"end":{"line":37,"column":22}},"5":{"start":{"line":43,"column":0},"end":{"line":43,"column":22}},"6":{"start":{"line":49,"column":0},"end":{"line":49,"column":22}},"7":{"start":{"line":1,"column":0},"end":{"line":1,"column":50}},"8":{"start":{"line":4,"column":15},"end":{"line":4,"column":65}},"9":{"start":{"line":10,"column":9},"end":{"line":10,"column":15}},"10":{"start":{"line":15,"column":2},"end":{"line":15,"column":52}},"11":{"start":{"line":16,"column":2},"end":{"line":16,"column":14}},"12":{"start":{"line":21,"column":2},"end":{"line":21,"column":43}},"13":{"start":{"line":22,"column":2},"end":{"line":22,"column":14}},"14":{"start":{"line":27,"column":2},"end":{"line":27,"column":49}},"15":{"start":{"line":28,"column":2},"end":{"line":28,"column":14}},"16":{"start":{"line":33,"column":2},"end":{"line":33,"column":44}},"17":{"start":{"line":34,"column":2},"end":{"line":34,"column":14}},"18":{"start":{"line":39,"column":2},"end":{"line":39,"column":56}},"19":{"start":{"line":40,"column":2},"end":{"line":40,"column":14}},"20":{"start":{"line":45,"column":2},"end":{"line":45,"column":59}},"21":{"start":{"line":46,"column":2},"end":{"line":46,"column":14}},"22":{"start":{"line":51,"column":2},"end":{"line":51,"column":49}},"23":{"start":{"line":52,"column":2},"end":{"line":52,"column":14}}},"fnMap":{"0":{"name":"getUserByClerkId","decl":{"start":{"line":13,"column":22},"end":{"line":13,"column":38}},"loc":{"start":{"line":13,"column":54},"end":{"line":17,"column":null}}},"1":{"name":"upsertUser","decl":{"start":{"line":19,"column":22},"end":{"line":19,"column":32}},"loc":{"start":{"line":19,"column":46},"end":{"line":23,"column":null}}},"2":{"name":"logDownload","decl":{"start":{"line":25,"column":22},"end":{"line":25,"column":33}},"loc":{"start":{"line":25,"column":51},"end":{"line":29,"column":null}}},"3":{"name":"createOrder","decl":{"start":{"line":31,"column":22},"end":{"line":31,"column":33}},"loc":{"start":{"line":31,"column":48},"end":{"line":35,"column":null}}},"4":{"name":"createReservation","decl":{"start":{"line":37,"column":22},"end":{"line":37,"column":39}},"loc":{"start":{"line":37,"column":60},"end":{"line":41,"column":null}}},"5":{"name":"upsertSubscription","decl":{"start":{"line":43,"column":22},"end":{"line":43,"column":40}},"loc":{"start":{"line":43,"column":62},"end":{"line":47,"column":null}}},"6":{"name":"logActivity","decl":{"start":{"line":49,"column":22},"end":{"line":49,"column":33}},"loc":{"start":{"line":49,"column":51},"end":{"line":53,"column":null}}}},"branchMap":{},"s":{"0":4,"1":4,"2":4,"3":4,"4":4,"5":4,"6":4,"7":4,"8":4,"9":4,"10":0,"11":0,"12":0,"13":0,"14":0,"15":0,"16":0,"17":0,"18":0,"19":0,"20":0,"21":0,"22":0,"23":0},"f":{"0":0,"1":0,"2":0,"3":0,"4":0,"5":0,"6":0},"b":{}}
,"C:\\Users\\TREIGUA\\Desktop\\WEBSITE\\Replit BroLab\\BroLab\\server\\lib\\db.ts": {"path":"C:\\Users\\TREIGUA\\Desktop\\WEBSITE\\Replit BroLab\\BroLab\\server\\lib\\db.ts","statementMap":{"0":{"start":{"line":27,"column":0},"end":{"line":27,"column":22}},"1":{"start":{"line":34,"column":0},"end":{"line":34,"column":22}},"2":{"start":{"line":41,"column":0},"end":{"line":41,"column":22}},"3":{"start":{"line":46,"column":0},"end":{"line":46,"column":22}},"4":{"start":{"line":53,"column":0},"end":{"line":53,"column":22}},"5":{"start":{"line":87,"column":0},"end":{"line":87,"column":22}},"6":{"start":{"line":94,"column":0},"end":{"line":94,"column":22}},"7":{"start":{"line":101,"column":0},"end":{"line":101,"column":22}},"8":{"start":{"line":107,"column":0},"end":{"line":107,"column":22}},"9":{"start":{"line":114,"column":0},"end":{"line":114,"column":22}},"10":{"start":{"line":136,"column":0},"end":{"line":136,"column":22}},"11":{"start":{"line":142,"column":0},"end":{"line":142,"column":22}},"12":{"start":{"line":149,"column":0},"end":{"line":149,"column":22}},"13":{"start":{"line":155,"column":0},"end":{"line":155,"column":22}},"14":{"start":{"line":161,"column":0},"end":{"line":161,"column":22}},"15":{"start":{"line":174,"column":0},"end":{"line":174,"column":22}},"16":{"start":{"line":179,"column":0},"end":{"line":179,"column":22}},"17":{"start":{"line":190,"column":0},"end":{"line":190,"column":22}},"18":{"start":{"line":196,"column":0},"end":{"line":196,"column":22}},"19":{"start":{"line":203,"column":0},"end":{"line":203,"column":22}},"20":{"start":{"line":212,"column":0},"end":{"line":212,"column":22}},"21":{"start":{"line":219,"column":0},"end":{"line":219,"column":22}},"22":{"start":{"line":226,"column":0},"end":{"line":226,"column":22}},"23":{"start":{"line":233,"column":0},"end":{"line":233,"column":22}},"24":{"start":{"line":239,"column":0},"end":{"line":239,"column":22}},"25":{"start":{"line":245,"column":0},"end":{"line":245,"column":22}},"26":{"start":{"line":251,"column":0},"end":{"line":251,"column":22}},"27":{"start":{"line":260,"column":0},"end":{"line":260,"column":22}},"28":{"start":{"line":270,"column":0},"end":{"line":270,"column":22}},"29":{"start":{"line":16,"column":0},"end":{"line":16,"column":null}},"30":{"start":{"line":29,"column":2},"end":{"line":29,"column":47}},"31":{"start":{"line":30,"column":2},"end":{"line":30,"column":14}},"32":{"start":{"line":36,"column":2},"end":{"line":36,"column":53}},"33":{"start":{"line":37,"column":2},"end":{"line":37,"column":14}},"34":{"start":{"line":42,"column":2},"end":{"line":42,"column":47}},"35":{"start":{"line":47,"column":17},"end":{"line":47,"column":45}},"36":{"start":{"line":48,"column":2},"end":{"line":48,"column":56}},"37":{"start":{"line":48,"column":15},"end":{"line":48,"column":56}},"38":{"start":{"line":49,"column":2},"end":{"line":49,"column":24}},"39":{"start":{"line":53,"column":34},"end":{"line":84,"column":null}},"40":{"start":{"line":62,"column":2},"end":{"line":62,"column":99}},"41":{"start":{"line":64,"column":2},"end":{"line":83,"column":3}},"42":{"start":{"line":65,"column":19},"end":{"line":69,"column":6}},"43":{"start":{"line":72,"column":4},"end":{"line":79,"column":18}},"44":{"start":{"line":81,"column":4},"end":{"line":81,"column":55}},"45":{"start":{"line":82,"column":4},"end":{"line":82,"column":16}},"46":{"start":{"line":89,"column":2},"end":{"line":89,"column":53}},"47":{"start":{"line":90,"column":2},"end":{"line":90,"column":12}},"48":{"start":{"line":96,"column":2},"end":{"line":96,"column":48}},"49":{"start":{"line":97,"column":2},"end":{"line":97,"column":28}},"50":{"start":{"line":103,"column":2},"end":{"line":103,"column":58}},"51":{"start":{"line":104,"column":2},"end":{"line":104,"column":12}},"52":{"start":{"line":109,"column":2},"end":{"line":109,"column":41}},"53":{"start":{"line":110,"column":2},"end":{"line":110,"column":14}},"54":{"start":{"line":114,"column":41},"end":{"line":134,"column":null}},"55":{"start":{"line":127,"column":2},"end":{"line":133,"column":5}},"56":{"start":{"line":138,"column":2},"end":{"line":138,"column":56}},"57":{"start":{"line":139,"column":2},"end":{"line":139,"column":14}},"58":{"start":{"line":144,"column":2},"end":{"line":144,"column":63}},"59":{"start":{"line":145,"column":2},"end":{"line":145,"column":16}},"60":{"start":{"line":151,"column":2},"end":{"line":151,"column":49}},"61":{"start":{"line":152,"column":2},"end":{"line":152,"column":20}},"62":{"start":{"line":157,"column":2},"end":{"line":157,"column":45}},"63":{"start":{"line":158,"column":2},"end":{"line":158,"column":14}},"64":{"start":{"line":170,"column":2},"end":{"line":170,"column":54}},"65":{"start":{"line":171,"column":2},"end":{"line":171,"column":12}},"66":{"start":{"line":176,"column":2},"end":{"line":176,"column":47}},"67":{"start":{"line":180,"column":17},"end":{"line":184,"column":4}},"68":{"start":{"line":185,"column":2},"end":{"line":185,"column":57}},"69":{"start":{"line":185,"column":15},"end":{"line":185,"column":57}},"70":{"start":{"line":186,"column":2},"end":{"line":186,"column":31}},"71":{"start":{"line":192,"column":2},"end":{"line":192,"column":51}},"72":{"start":{"line":198,"column":2},"end":{"line":198,"column":61}},"73":{"start":{"line":199,"column":2},"end":{"line":199,"column":80}},"74":{"start":{"line":207,"column":2},"end":{"line":207,"column":54}},"75":{"start":{"line":208,"column":2},"end":{"line":208,"column":43}},"76":{"start":{"line":213,"column":17},"end":{"line":213,"column":47}},"77":{"start":{"line":214,"column":2},"end":{"line":214,"column":57}},"78":{"start":{"line":214,"column":15},"end":{"line":214,"column":57}},"79":{"start":{"line":215,"column":2},"end":{"line":215,"column":25}},"80":{"start":{"line":221,"column":2},"end":{"line":221,"column":46}},"81":{"start":{"line":222,"column":2},"end":{"line":222,"column":12}},"82":{"start":{"line":228,"column":2},"end":{"line":228,"column":47}},"83":{"start":{"line":229,"column":2},"end":{"line":229,"column":12}},"84":{"start":{"line":234,"column":17},"end":{"line":234,"column":59}},"85":{"start":{"line":235,"column":2},"end":{"line":235,"column":63}},"86":{"start":{"line":235,"column":15},"end":{"line":235,"column":63}},"87":{"start":{"line":236,"column":2},"end":{"line":236,"column":31}},"88":{"start":{"line":241,"column":2},"end":{"line":241,"column":48}},"89":{"start":{"line":242,"column":2},"end":{"line":242,"column":14}},"90":{"start":{"line":247,"column":2},"end":{"line":247,"column":52}},"91":{"start":{"line":248,"column":2},"end":{"line":248,"column":12}},"92":{"start":{"line":256,"column":2},"end":{"line":256,"column":58}},"93":{"start":{"line":257,"column":2},"end":{"line":257,"column":27}},"94":{"start":{"line":265,"column":2},"end":{"line":265,"column":73}},"95":{"start":{"line":266,"column":2},"end":{"line":266,"column":12}},"96":{"start":{"line":272,"column":2},"end":{"line":272,"column":58}}},"fnMap":{"0":{"name":"getUserByEmail","decl":{"start":{"line":27,"column":22},"end":{"line":27,"column":36}},"loc":{"start":{"line":27,"column":50},"end":{"line":31,"column":null}}},"1":{"name":"getUserByUsername","decl":{"start":{"line":34,"column":22},"end":{"line":34,"column":39}},"loc":{"start":{"line":34,"column":56},"end":{"line":38,"column":null}}},"2":{"name":"getUserByClerkId","decl":{"start":{"line":41,"column":22},"end":{"line":41,"column":38}},"loc":{"start":{"line":41,"column":54},"end":{"line":43,"column":null}}},"3":{"name":"upsertUser","decl":{"start":{"line":46,"column":22},"end":{"line":46,"column":32}},"loc":{"start":{"line":46,"column":52},"end":{"line":50,"column":null}}},"4":{"name":"logDownload","decl":{"start":{"line":53,"column":22},"end":{"line":53,"column":33}},"loc":{"start":{"line":53,"column":33},"end":{"line":84,"column":null}}},"5":{"name":"(anonymous_16)","decl":{"start":{"line":53,"column":34},"end":{"line":53,"column":null}},"loc":{"start":{"line":61,"column":1},"end":{"line":84,"column":1}}},"6":{"name":"listDownloads","decl":{"start":{"line":87,"column":22},"end":{"line":87,"column":35}},"loc":{"start":{"line":87,"column":50},"end":{"line":91,"column":null}}},"7":{"name":"createServiceOrder","decl":{"start":{"line":94,"column":22},"end":{"line":94,"column":40}},"loc":{"start":{"line":94,"column":65},"end":{"line":98,"column":null}}},"8":{"name":"listServiceOrders","decl":{"start":{"line":101,"column":22},"end":{"line":101,"column":39}},"loc":{"start":{"line":101,"column":54},"end":{"line":105,"column":null}}},"9":{"name":"getUserById","decl":{"start":{"line":107,"column":22},"end":{"line":107,"column":33}},"loc":{"start":{"line":107,"column":44},"end":{"line":111,"column":null}}},"10":{"name":"upsertSubscription","decl":{"start":{"line":114,"column":22},"end":{"line":114,"column":40}},"loc":{"start":{"line":114,"column":40},"end":{"line":134,"column":null}}},"11":{"name":"(anonymous_26)","decl":{"start":{"line":114,"column":41},"end":{"line":114,"column":null}},"loc":{"start":{"line":126,"column":1},"end":{"line":134,"column":1}}},"12":{"name":"getSubscription","decl":{"start":{"line":136,"column":22},"end":{"line":136,"column":37}},"loc":{"start":{"line":136,"column":52},"end":{"line":140,"column":null}}},"13":{"name":"subscriptionStatusHelper","decl":{"start":{"line":142,"column":22},"end":{"line":142,"column":46}},"loc":{"start":{"line":142,"column":61},"end":{"line":146,"column":null}}},"14":{"name":"createFileRecord","decl":{"start":{"line":149,"column":22},"end":{"line":149,"column":38}},"loc":{"start":{"line":149,"column":59},"end":{"line":153,"column":null}}},"15":{"name":"getFileById","decl":{"start":{"line":155,"column":22},"end":{"line":155,"column":33}},"loc":{"start":{"line":155,"column":48},"end":{"line":159,"column":null}}},"16":{"name":"getUserFiles","decl":{"start":{"line":161,"column":22},"end":{"line":161,"column":34}},"loc":{"start":{"line":167,"column":3},"end":{"line":172,"column":null}}},"17":{"name":"deleteFileRecord","decl":{"start":{"line":174,"column":22},"end":{"line":174,"column":38}},"loc":{"start":{"line":174,"column":53},"end":{"line":177,"column":null}}},"18":{"name":"logActivity","decl":{"start":{"line":179,"column":22},"end":{"line":179,"column":33}},"loc":{"start":{"line":179,"column":67},"end":{"line":187,"column":null}}},"19":{"name":"saveInvoiceUrl","decl":{"start":{"line":190,"column":22},"end":{"line":190,"column":36}},"loc":{"start":{"line":190,"column":65},"end":{"line":193,"column":null}}},"20":{"name":"ensureInvoiceNumber","decl":{"start":{"line":196,"column":22},"end":{"line":196,"column":41}},"loc":{"start":{"line":196,"column":57},"end":{"line":200,"column":null}}},"21":{"name":"getOrderInvoiceData","decl":{"start":{"line":203,"column":22},"end":{"line":203,"column":41}},"loc":{"start":{"line":204,"column":17},"end":{"line":209,"column":null}}},"22":{"name":"createOrder","decl":{"start":{"line":212,"column":22},"end":{"line":212,"column":33}},"loc":{"start":{"line":212,"column":52},"end":{"line":216,"column":null}}},"23":{"name":"listUserOrders","decl":{"start":{"line":219,"column":22},"end":{"line":219,"column":36}},"loc":{"start":{"line":219,"column":51},"end":{"line":223,"column":null}}},"24":{"name":"listOrderItems","decl":{"start":{"line":226,"column":22},"end":{"line":226,"column":36}},"loc":{"start":{"line":226,"column":52},"end":{"line":230,"column":null}}},"25":{"name":"createReservation","decl":{"start":{"line":233,"column":22},"end":{"line":233,"column":39}},"loc":{"start":{"line":233,"column":70},"end":{"line":237,"column":null}}},"26":{"name":"getReservationById","decl":{"start":{"line":239,"column":22},"end":{"line":239,"column":40}},"loc":{"start":{"line":239,"column":51},"end":{"line":243,"column":null}}},"27":{"name":"getUserReservations","decl":{"start":{"line":245,"column":22},"end":{"line":245,"column":41}},"loc":{"start":{"line":245,"column":56},"end":{"line":249,"column":null}}},"28":{"name":"updateReservationStatus","decl":{"start":{"line":251,"column":22},"end":{"line":251,"column":45}},"loc":{"start":{"line":253,"column":31},"end":{"line":258,"column":null}}},"29":{"name":"getReservationsByDateRange","decl":{"start":{"line":260,"column":22},"end":{"line":260,"column":48}},"loc":{"start":{"line":262,"column":17},"end":{"line":267,"column":null}}},"30":{"name":"updateUserAvatar","decl":{"start":{"line":270,"column":22},"end":{"line":270,"column":38}},"loc":{"start":{"line":270,"column":72},"end":{"line":273,"column":null}}}},"branchMap":{"0":{"loc":{"start":{"line":48,"column":2},"end":{"line":48,"column":56}},"type":"if","locations":[{"start":{"line":48,"column":2},"end":{"line":48,"column":56}},{"start":{},"end":{}}]},"1":{"loc":{"start":{"line":73,"column":10},"end":{"line":73,"column":44}},"type":"binary-expr","locations":[{"start":{"line":73,"column":11},"end":{"line":73,"column":37}},{"start":{"line":73,"column":41},"end":{"line":73,"column":44}}]},"2":{"loc":{"start":{"line":73,"column":11},"end":{"line":73,"column":37}},"type":"cond-expr","locations":[{"start":{"line":73,"column":17},"end":{"line":73,"column":25}},{"start":{"line":73,"column":11},"end":{"line":73,"column":37}}]},"3":{"loc":{"start":{"line":73,"column":11},"end":{"line":73,"column":25}},"type":"binary-expr","locations":[{"start":{"line":73,"column":11},"end":{"line":73,"column":27}},{"start":{"line":73,"column":11},"end":{"line":73,"column":25}}]},"4":{"loc":{"start":{"line":181,"column":19},"end":{"line":181,"column":40}},"type":"binary-expr","locations":[{"start":{"line":181,"column":19},"end":{"line":181,"column":35}},{"start":{"line":181,"column":39},"end":{"line":181,"column":40}}]},"5":{"loc":{"start":{"line":185,"column":2},"end":{"line":185,"column":57}},"type":"if","locations":[{"start":{"line":185,"column":2},"end":{"line":185,"column":57}},{"start":{},"end":{}}]},"6":{"loc":{"start":{"line":214,"column":2},"end":{"line":214,"column":57}},"type":"if","locations":[{"start":{"line":214,"column":2},"end":{"line":214,"column":57}},{"start":{},"end":{}}]},"7":{"loc":{"start":{"line":235,"column":2},"end":{"line":235,"column":63}},"type":"if","locations":[{"start":{"line":235,"column":2},"end":{"line":235,"column":63}},{"start":{},"end":{}}]}},"s":{"0":4,"1":4,"2":4,"3":4,"4":4,"5":4,"6":4,"7":4,"8":4,"9":4,"10":4,"11":4,"12":4,"13":4,"14":4,"15":4,"16":4,"17":4,"18":4,"19":4,"20":4,"21":4,"22":4,"23":4,"24":4,"25":4,"26":4,"27":4,"28":4,"29":4,"30":0,"31":0,"32":0,"33":0,"34":0,"35":0,"36":0,"37":0,"38":0,"39":0,"40":0,"41":0,"42":0,"43":0,"44":0,"45":0,"46":0,"47":0,"48":0,"49":0,"50":0,"51":0,"52":0,"53":0,"54":0,"55":0,"56":0,"57":0,"58":0,"59":0,"60":0,"61":0,"62":0,"63":0,"64":0,"65":0,"66":0,"67":0,"68":0,"69":0,"70":0,"71":0,"72":0,"73":0,"74":0,"75":0,"76":0,"77":0,"78":0,"79":0,"80":0,"81":0,"82":0,"83":0,"84":0,"85":0,"86":0,"87":0,"88":0,"89":0,"90":0,"91":0,"92":0,"93":0,"94":0,"95":0,"96":0},"f":{"0":0,"1":0,"2":0,"3":0,"4":0,"5":0,"6":0,"7":0,"8":0,"9":0,"10":0,"11":0,"12":0,"13":0,"14":0,"15":0,"16":0,"17":0,"18":0,"19":0,"20":0,"21":0,"22":0,"23":0,"24":0,"25":0,"26":0,"27":0,"28":0,"29":0,"30":0},"b":{"0":[0,0],"1":[0,0],"2":[0,0],"3":[0,0],"4":[0,0],"5":[0,0],"6":[0,0],"7":[0,0]}}
,"C:\\Users\\TREIGUA\\Desktop\\WEBSITE\\Replit BroLab\\BroLab\\server\\lib\\env.ts": {"path":"C:\\Users\\TREIGUA\\Desktop\\WEBSITE\\Replit BroLab\\BroLab\\server\\lib\\env.ts","statementMap":{"0":{"start":{"line":46,"column":0},"end":{"line":46,"column":16}},"1":{"start":{"line":1,"column":0},"end":{"line":1,"column":24}},"2":{"start":{"line":3,"column":17},"end":{"line":3,"column":96}},"3":{"start":{"line":5,"column":19},"end":{"line":37,"column":2}},"4":{"start":{"line":31,"column":20},"end":{"line":31,"column":32}},"5":{"start":{"line":35,"column":20},"end":{"line":35,"column":32}},"6":{"start":{"line":47,"column":17},"end":{"line":47,"column":50}},"7":{"start":{"line":48,"column":2},"end":{"line":51,"column":3}},"8":{"start":{"line":49,"column":19},"end":{"line":49,"column":95}},"9":{"start":{"line":49,"column":48},"end":{"line":49,"column":83}},"10":{"start":{"line":50,"column":4},"end":{"line":50,"column":68}},"11":{"start":{"line":52,"column":14},"end":{"line":52,"column":25}},"12":{"start":{"line":53,"column":2},"end":{"line":59,"column":11}},"13":{"start":{"line":62,"column":13},"end":{"line":62,"column":29}}},"fnMap":{"0":{"name":"(anonymous_0)","decl":{"start":{"line":31,"column":15},"end":{"line":31,"column":16}},"loc":{"start":{"line":31,"column":20},"end":{"line":31,"column":32}}},"1":{"name":"(anonymous_1)","decl":{"start":{"line":35,"column":15},"end":{"line":35,"column":16}},"loc":{"start":{"line":35,"column":20},"end":{"line":35,"column":32}}},"2":{"name":"loadEnv","decl":{"start":{"line":46,"column":16},"end":{"line":46,"column":23}},"loc":{"start":{"line":46,"column":23},"end":{"line":60,"column":1}}},"3":{"name":"(anonymous_3)","decl":{"start":{"line":49,"column":43},"end":{"line":49,"column":44}},"loc":{"start":{"line":49,"column":48},"end":{"line":49,"column":83}}}},"branchMap":{"0":{"loc":{"start":{"line":3,"column":17},"end":{"line":3,"column":96}},"type":"binary-expr","locations":[{"start":{"line":3,"column":17},"end":{"line":3,"column":79}},{"start":{"line":3,"column":83},"end":{"line":3,"column":96}}]},"1":{"loc":{"start":{"line":10,"column":30},"end":{"line":10,"column":98}},"type":"cond-expr","locations":[{"start":{"line":10,"column":57},"end":{"line":10,"column":74}},{"start":{"line":10,"column":77},"end":{"line":10,"column":98}}]},"2":{"loc":{"start":{"line":11,"column":20},"end":{"line":11,"column":88}},"type":"cond-expr","locations":[{"start":{"line":11,"column":47},"end":{"line":11,"column":64}},{"start":{"line":11,"column":67},"end":{"line":11,"column":88}}]},"3":{"loc":{"start":{"line":14,"column":19},"end":{"line":14,"column":86}},"type":"cond-expr","locations":[{"start":{"line":14,"column":46},"end":{"line":14,"column":62}},{"start":{"line":14,"column":65},"end":{"line":14,"column":86}}]},"4":{"loc":{"start":{"line":48,"column":2},"end":{"line":51,"column":3}},"type":"if","locations":[{"start":{"line":48,"column":2},"end":{"line":51,"column":3}},{"start":{},"end":{}}]}},"s":{"0":2,"1":2,"2":2,"3":2,"4":0,"5":0,"6":2,"7":2,"8":0,"9":0,"10":0,"11":2,"12":2,"13":2},"f":{"0":0,"1":0,"2":2,"3":0},"b":{"0":[2,0],"1":[0,2],"2":[0,2],"3":[0,2],"4":[0,2]}}
,"C:\\Users\\TREIGUA\\Desktop\\WEBSITE\\Replit BroLab\\BroLab\\server\\lib\\findFreePort.ts": {"path":"C:\\Users\\TREIGUA\\Desktop\\WEBSITE\\Replit BroLab\\BroLab\\server\\lib\\findFreePort.ts","statementMap":{"0":{"start":{"line":4,"column":0},"end":{"line":4,"column":22}},"1":{"start":{"line":27,"column":0},"end":{"line":27,"column":22}},"2":{"start":{"line":47,"column":0},"end":{"line":47,"column":16}},"3":{"start":{"line":1,"column":0},"end":{"line":1,"column":22}},"4":{"start":{"line":2,"column":0},"end":{"line":2,"column":32}},"5":{"start":{"line":4,"column":35},"end":{"line":25,"column":null}},"6":{"start":{"line":5,"column":2},"end":{"line":23,"column":3}},"7":{"start":{"line":5,"column":15},"end":{"line":5,"column":16}},"8":{"start":{"line":6,"column":17},"end":{"line":6,"column":30}},"9":{"start":{"line":7,"column":4},"end":{"line":22,"column":5}},"10":{"start":{"line":8,"column":6},"end":{"line":18,"column":9}},"11":{"start":{"line":9,"column":23},"end":{"line":17,"column":36}},"12":{"start":{"line":11,"column":12},"end":{"line":12,"column":29}},"13":{"start":{"line":11,"column":52},"end":{"line":11,"column":64}},"14":{"start":{"line":12,"column":17},"end":{"line":12,"column":29}},"15":{"start":{"line":15,"column":12},"end":{"line":15,"column":42}},"16":{"start":{"line":15,"column":31},"end":{"line":15,"column":40}},"17":{"start":{"line":19,"column":6},"end":{"line":19,"column":18}},"18":{"start":{"line":24,"column":2},"end":{"line":24,"column":95}},"19":{"start":{"line":28,"column":2},"end":{"line":44,"column":5}},"20":{"start":{"line":29,"column":15},"end":{"line":29,"column":89}},"21":{"start":{"line":30,"column":4},"end":{"line":43,"column":6}},"22":{"start":{"line":34,"column":8},"end":{"line":34,"column":19}},"23":{"start":{"line":35,"column":8},"end":{"line":41,"column":9}},"24":{"start":{"line":35,"column":49},"end":{"line":35,"column":85}},"25":{"start":{"line":36,"column":13},"end":{"line":41,"column":9}},"26":{"start":{"line":36,"column":54},"end":{"line":36,"column":70}},"27":{"start":{"line":38,"column":23},"end":{"line":38,"column":44}},"28":{"start":{"line":39,"column":10},"end":{"line":40,"column":51}},"29":{"start":{"line":39,"column":56},"end":{"line":39,"column":87}},"30":{"start":{"line":40,"column":15},"end":{"line":40,"column":51}},"31":{"start":{"line":48,"column":15},"end":{"line":48,"column":36}},"32":{"start":{"line":50,"column":2},"end":{"line":54,"column":3}},"33":{"start":{"line":51,"column":4},"end":{"line":51,"column":68}},"34":{"start":{"line":51,"column":35},"end":{"line":51,"column":68}},"35":{"start":{"line":52,"column":4},"end":{"line":52,"column":38}},"36":{"start":{"line":52,"column":26},"end":{"line":52,"column":38}},"37":{"start":{"line":53,"column":4},"end":{"line":53,"column":77}},"38":{"start":{"line":53,"column":40},"end":{"line":53,"column":77}},"39":{"start":{"line":55,"column":2},"end":{"line":55,"column":34}}},"fnMap":{"0":{"name":"findFreePort","decl":{"start":{"line":4,"column":22},"end":{"line":4,"column":34}},"loc":{"start":{"line":4,"column":34},"end":{"line":25,"column":null}}},"1":{"name":"(anonymous_9)","decl":{"start":{"line":4,"column":35},"end":{"line":4,"column":52}},"loc":{"start":{"line":4,"column":67},"end":{"line":25,"column":1}}},"2":{"name":"(anonymous_10)","decl":{"start":{"line":8,"column":30},"end":{"line":8,"column":31}},"loc":{"start":{"line":8,"column":50},"end":{"line":18,"column":7}}},"3":{"name":"(anonymous_11)","decl":{"start":{"line":10,"column":25},"end":{"line":10,"column":28}},"loc":{"start":{"line":10,"column":31},"end":{"line":13,"column":11}}},"4":{"name":"(anonymous_12)","decl":{"start":{"line":14,"column":29},"end":{"line":14,"column":32}},"loc":{"start":{"line":14,"column":34},"end":{"line":16,"column":11}}},"5":{"name":"(anonymous_13)","decl":{"start":{"line":15,"column":25},"end":{"line":15,"column":28}},"loc":{"start":{"line":15,"column":31},"end":{"line":15,"column":40}}},"6":{"name":"promptForPort","decl":{"start":{"line":27,"column":22},"end":{"line":27,"column":35}},"loc":{"start":{"line":27,"column":66},"end":{"line":45,"column":null}}},"7":{"name":"(anonymous_16)","decl":{"start":{"line":28,"column":21},"end":{"line":28,"column":22}},"loc":{"start":{"line":28,"column":33},"end":{"line":44,"column":3}}},"8":{"name":"(anonymous_17)","decl":{"start":{"line":33,"column":6},"end":{"line":33,"column":7}},"loc":{"start":{"line":33,"column":17},"end":{"line":42,"column":7}}},"9":{"name":"parsePortFlags","decl":{"start":{"line":47,"column":16},"end":{"line":47,"column":30}},"loc":{"start":{"line":47,"column":30},"end":{"line":56,"column":1}}}},"branchMap":{"0":{"loc":{"start":{"line":4,"column":54},"end":{"line":4,"column":67}},"type":"default-arg","locations":[{"start":{"line":4,"column":65},"end":{"line":4,"column":67}}]},"1":{"loc":{"start":{"line":11,"column":12},"end":{"line":12,"column":29}},"type":"if","locations":[{"start":{"line":11,"column":12},"end":{"line":12,"column":29}},{"start":{"line":12,"column":17},"end":{"line":12,"column":29}}]},"2":{"loc":{"start":{"line":35,"column":8},"end":{"line":41,"column":9}},"type":"if","locations":[{"start":{"line":35,"column":8},"end":{"line":41,"column":9}},{"start":{"line":36,"column":13},"end":{"line":41,"column":9}}]},"3":{"loc":{"start":{"line":36,"column":13},"end":{"line":41,"column":9}},"type":"if","locations":[{"start":{"line":36,"column":13},"end":{"line":41,"column":9}},{"start":{"line":37,"column":13},"end":{"line":41,"column":9}}]},"4":{"loc":{"start":{"line":39,"column":10},"end":{"line":40,"column":51}},"type":"if","locations":[{"start":{"line":39,"column":10},"end":{"line":40,"column":51}},{"start":{"line":40,"column":15},"end":{"line":40,"column":51}}]},"5":{"loc":{"start":{"line":39,"column":14},"end":{"line":39,"column":54}},"type":"binary-expr","locations":[{"start":{"line":39,"column":14},"end":{"line":39,"column":26}},{"start":{"line":39,"column":30},"end":{"line":39,"column":38}},{"start":{"line":39,"column":42},"end":{"line":39,"column":54}}]},"6":{"loc":{"start":{"line":51,"column":4},"end":{"line":51,"column":68}},"type":"if","locations":[{"start":{"line":51,"column":4},"end":{"line":51,"column":68}},{"start":{},"end":{}}]},"7":{"loc":{"start":{"line":52,"column":4},"end":{"line":52,"column":38}},"type":"if","locations":[{"start":{"line":52,"column":4},"end":{"line":52,"column":38}},{"start":{},"end":{}}]},"8":{"loc":{"start":{"line":53,"column":4},"end":{"line":53,"column":77}},"type":"if","locations":[{"start":{"line":53,"column":4},"end":{"line":53,"column":77}},{"start":{},"end":{}}]}},"s":{"0":1,"1":1,"2":1,"3":1,"4":1,"5":0,"6":0,"7":0,"8":0,"9":0,"10":0,"11":0,"12":0,"13":0,"14":0,"15":0,"16":0,"17":0,"18":0,"19":0,"20":0,"21":0,"22":0,"23":0,"24":0,"25":0,"26":0,"27":0,"28":0,"29":0,"30":0,"31":0,"32":0,"33":0,"34":0,"35":0,"36":0,"37":0,"38":0,"39":0},"f":{"0":0,"1":0,"2":0,"3":0,"4":0,"5":0,"6":0,"7":0,"8":0,"9":0},"b":{"0":[0],"1":[0,0],"2":[0,0],"3":[0,0],"4":[0,0],"5":[0,0,0],"6":[0,0],"7":[0,0],"8":[0,0]}}
,"C:\\Users\\TREIGUA\\Desktop\\WEBSITE\\Replit BroLab\\BroLab\\server\\lib\\logger.ts": {"path":"C:\\Users\\TREIGUA\\Desktop\\WEBSITE\\Replit BroLab\\BroLab\\server\\lib\\logger.ts","statementMap":{"0":{"start":{"line":10,"column":2},"end":{"line":10,"column":34}},"1":{"start":{"line":13,"column":13},"end":{"line":24,"column":2}},"2":{"start":{"line":16,"column":4},"end":{"line":16,"column":85}},"3":{"start":{"line":19,"column":4},"end":{"line":19,"column":86}},"4":{"start":{"line":22,"column":4},"end":{"line":22,"column":88}}},"fnMap":{"0":{"name":"time","decl":{"start":{"line":9,"column":9},"end":{"line":9,"column":13}},"loc":{"start":{"line":9,"column":13},"end":{"line":11,"column":1}}},"1":{"name":"(anonymous_1)","decl":{"start":{"line":14,"column":2},"end":{"line":14,"column":6}},"loc":{"start":{"line":14,"column":46},"end":{"line":17,"column":3}}},"2":{"name":"(anonymous_2)","decl":{"start":{"line":18,"column":2},"end":{"line":18,"column":6}},"loc":{"start":{"line":18,"column":46},"end":{"line":20,"column":3}}},"3":{"name":"(anonymous_3)","decl":{"start":{"line":21,"column":2},"end":{"line":21,"column":7}},"loc":{"start":{"line":21,"column":47},"end":{"line":23,"column":3}}}},"branchMap":{"0":{"loc":{"start":{"line":14,"column":24},"end":{"line":14,"column":46}},"type":"default-arg","locations":[{"start":{"line":14,"column":44},"end":{"line":14,"column":46}}]},"1":{"loc":{"start":{"line":18,"column":24},"end":{"line":18,"column":46}},"type":"default-arg","locations":[{"start":{"line":18,"column":44},"end":{"line":18,"column":46}}]},"2":{"loc":{"start":{"line":21,"column":25},"end":{"line":21,"column":47}},"type":"default-arg","locations":[{"start":{"line":21,"column":45},"end":{"line":21,"column":47}}]}},"s":{"0":2,"1":2,"2":2,"3":0,"4":0},"f":{"0":2,"1":2,"2":0,"3":0},"b":{"0":[0],"1":[0],"2":[0]}}
,"C:\\Users\\TREIGUA\\Desktop\\WEBSITE\\Replit BroLab\\BroLab\\server\\lib\\monitoring.ts": {"path":"C:\\Users\\TREIGUA\\Desktop\\WEBSITE\\Replit BroLab\\BroLab\\server\\lib\\monitoring.ts","statementMap":{"0":{"start":{"line":22,"column":10},"end":{"line":22,"column":48}},"1":{"start":{"line":23,"column":10},"end":{"line":23,"column":43}},"2":{"start":{"line":24,"column":10},"end":{"line":24,"column":57}},"3":{"start":{"line":25,"column":10},"end":{"line":25,"column":55}},"4":{"start":{"line":29,"column":22},"end":{"line":29,"column":32}},"5":{"start":{"line":30,"column":4},"end":{"line":67,"column":5}},"6":{"start":{"line":52,"column":27},"end":{"line":52,"column":49}},"7":{"start":{"line":53,"column":6},"end":{"line":58,"column":8}},"8":{"start":{"line":60,"column":6},"end":{"line":66,"column":8}},"9":{"start":{"line":72,"column":22},"end":{"line":72,"column":32}},"10":{"start":{"line":73,"column":4},"end":{"line":108,"column":5}},"11":{"start":{"line":93,"column":27},"end":{"line":93,"column":49}},"12":{"start":{"line":94,"column":6},"end":{"line":99,"column":8}},"13":{"start":{"line":101,"column":6},"end":{"line":107,"column":8}},"14":{"start":{"line":113,"column":22},"end":{"line":113,"column":32}},"15":{"start":{"line":114,"column":4},"end":{"line":142,"column":5}},"16":{"start":{"line":115,"column":23},"end":{"line":120,"column":8}},"17":{"start":{"line":122,"column":27},"end":{"line":122,"column":49}},"18":{"start":{"line":124,"column":6},"end":{"line":126,"column":7}},"19":{"start":{"line":125,"column":8},"end":{"line":125,"column":75}},"20":{"start":{"line":128,"column":6},"end":{"line":133,"column":8}},"21":{"start":{"line":135,"column":6},"end":{"line":141,"column":8}},"22":{"start":{"line":147,"column":19},"end":{"line":151,"column":6}},"23":{"start":{"line":153,"column":4},"end":{"line":153,"column":31}},"24":{"start":{"line":154,"column":4},"end":{"line":154,"column":18}},"25":{"start":{"line":159,"column":19},"end":{"line":159,"column":49}},"26":{"start":{"line":160,"column":16},"end":{"line":160,"column":39}},"27":{"start":{"line":162,"column":4},"end":{"line":162,"column":72}},"28":{"start":{"line":164,"column":4},"end":{"line":166,"column":5}},"29":{"start":{"line":165,"column":6},"end":{"line":165,"column":70}},"30":{"start":{"line":169,"column":19},"end":{"line":169,"column":29}},"31":{"start":{"line":170,"column":4},"end":{"line":176,"column":7}},"32":{"start":{"line":171,"column":24},"end":{"line":171,"column":49}},"33":{"start":{"line":172,"column":6},"end":{"line":175,"column":7}},"34":{"start":{"line":173,"column":8},"end":{"line":173,"column":37}},"35":{"start":{"line":174,"column":8},"end":{"line":174,"column":35}},"36":{"start":{"line":181,"column":16},"end":{"line":181,"column":26}},"37":{"start":{"line":182,"column":26},"end":{"line":182,"column":49}},"38":{"start":{"line":185,"column":28},"end":{"line":185,"column":29}},"39":{"start":{"line":186,"column":17},"end":{"line":186,"column":18}},"40":{"start":{"line":188,"column":4},"end":{"line":194,"column":7}},"41":{"start":{"line":189,"column":24},"end":{"line":189,"column":51}},"42":{"start":{"line":190,"column":6},"end":{"line":193,"column":7}},"43":{"start":{"line":191,"column":8},"end":{"line":191,"column":35}},"44":{"start":{"line":192,"column":8},"end":{"line":192,"column":49}},"45":{"start":{"line":196,"column":22},"end":{"line":196,"column":84}},"46":{"start":{"line":198,"column":4},"end":{"line":205,"column":6}},"47":{"start":{"line":215,"column":4},"end":{"line":236,"column":5}},"48":{"start":{"line":230,"column":6},"end":{"line":233,"column":8}},"49":{"start":{"line":235,"column":6},"end":{"line":235,"column":58}},"50":{"start":{"line":241,"column":20},"end":{"line":241,"column":43}},"51":{"start":{"line":242,"column":25},"end":{"line":242,"column":56}},"52":{"start":{"line":245,"column":29},"end":{"line":246,"column":null}},"53":{"start":{"line":246,"column":15},"end":{"line":246,"column":69}},"54":{"start":{"line":249,"column":4},"end":{"line":259,"column":5}},"55":{"start":{"line":250,"column":6},"end":{"line":258,"column":9}},"56":{"start":{"line":262,"column":4},"end":{"line":272,"column":5}},"57":{"start":{"line":263,"column":6},"end":{"line":271,"column":9}},"58":{"start":{"line":274,"column":4},"end":{"line":274,"column":37}},"59":{"start":{"line":279,"column":4},"end":{"line":307,"column":6}},"60":{"start":{"line":280,"column":24},"end":{"line":280,"column":34}},"61":{"start":{"line":281,"column":26},"end":{"line":281,"column":33}},"62":{"start":{"line":283,"column":6},"end":{"line":304,"column":8}},"63":{"start":{"line":284,"column":29},"end":{"line":284,"column":51}},"64":{"start":{"line":285,"column":24},"end":{"line":285,"column":44}},"65":{"start":{"line":287,"column":8},"end":{"line":287,"column":45}},"66":{"start":{"line":290,"column":8},"end":{"line":301,"column":9}},"67":{"start":{"line":291,"column":10},"end":{"line":300,"column":34}},"68":{"start":{"line":303,"column":8},"end":{"line":303,"column":44}},"69":{"start":{"line":306,"column":6},"end":{"line":306,"column":13}},"70":{"start":{"line":311,"column":13},"end":{"line":311,"column":50}},"71":{"start":{"line":312,"column":0},"end":{"line":312,"column":26}}},"fnMap":{"0":{"name":"(anonymous_7)","decl":{"start":{"line":21,"column":0},"end":{"line":21,"column":6}},"loc":{"start":{"line":21,"column":0},"end":{"line":309,"column":1}}},"1":{"name":"(anonymous_8)","decl":{"start":{"line":28,"column":8},"end":{"line":28,"column":27}},"loc":{"start":{"line":28,"column":27},"end":{"line":68,"column":null}}},"2":{"name":"(anonymous_10)","decl":{"start":{"line":71,"column":8},"end":{"line":71,"column":26}},"loc":{"start":{"line":71,"column":26},"end":{"line":109,"column":null}}},"3":{"name":"(anonymous_12)","decl":{"start":{"line":112,"column":8},"end":{"line":112,"column":30}},"loc":{"start":{"line":112,"column":30},"end":{"line":143,"column":null}}},"4":{"name":"(anonymous_14)","decl":{"start":{"line":146,"column":8},"end":{"line":146,"column":26}},"loc":{"start":{"line":146,"column":26},"end":{"line":155,"column":null}}},"5":{"name":"(anonymous_16)","decl":{"start":{"line":158,"column":2},"end":{"line":158,"column":14}},"loc":{"start":{"line":158,"column":49},"end":{"line":177,"column":3}}},"6":{"name":"(anonymous_17)","decl":{"start":{"line":170,"column":50},"end":{"line":170,"column":51}},"loc":{"start":{"line":170,"column":54},"end":{"line":176,"column":5}}},"7":{"name":"(anonymous_18)","decl":{"start":{"line":180,"column":2},"end":{"line":180,"column":18}},"loc":{"start":{"line":180,"column":18},"end":{"line":206,"column":3}}},"8":{"name":"(anonymous_19)","decl":{"start":{"line":188,"column":53},"end":{"line":188,"column":54}},"loc":{"start":{"line":188,"column":70},"end":{"line":194,"column":5}}},"9":{"name":"(anonymous_20)","decl":{"start":{"line":209,"column":8},"end":{"line":209,"column":22}},"loc":{"start":{"line":214,"column":3},"end":{"line":237,"column":null}}},"10":{"name":"(anonymous_22)","decl":{"start":{"line":240,"column":8},"end":{"line":240,"column":33}},"loc":{"start":{"line":240,"column":33},"end":{"line":275,"column":null}}},"11":{"name":"(anonymous_24)","decl":{"start":{"line":246,"column":6},"end":{"line":246,"column":11}},"loc":{"start":{"line":246,"column":15},"end":{"line":246,"column":69}}},"12":{"name":"(anonymous_25)","decl":{"start":{"line":278,"column":2},"end":{"line":278,"column":20}},"loc":{"start":{"line":278,"column":20},"end":{"line":308,"column":3}}},"13":{"name":"(anonymous_26)","decl":{"start":{"line":279,"column":11},"end":{"line":279,"column":12}},"loc":{"start":{"line":279,"column":45},"end":{"line":307,"column":5}}},"14":{"name":"(anonymous_27)","decl":{"start":{"line":283,"column":16},"end":{"line":283,"column":17}},"loc":{"start":{"line":283,"column":35},"end":{"line":304,"column":7}}}},"branchMap":{"0":{"loc":{"start":{"line":124,"column":6},"end":{"line":126,"column":7}},"type":"if","locations":[{"start":{"line":124,"column":6},"end":{"line":126,"column":7}},{"start":{},"end":{}}]},"1":{"loc":{"start":{"line":130,"column":16},"end":{"line":130,"column":60}},"type":"cond-expr","locations":[{"start":{"line":130,"column":38},"end":{"line":130,"column":48}},{"start":{"line":130,"column":51},"end":{"line":130,"column":60}}]},"2":{"loc":{"start":{"line":162,"column":33},"end":{"line":162,"column":65}},"type":"binary-expr","locations":[{"start":{"line":162,"column":33},"end":{"line":162,"column":60}},{"start":{"line":162,"column":64},"end":{"line":162,"column":65}}]},"3":{"loc":{"start":{"line":164,"column":4},"end":{"line":166,"column":5}},"type":"if","locations":[{"start":{"line":164,"column":4},"end":{"line":166,"column":5}},{"start":{},"end":{}}]},"4":{"loc":{"start":{"line":165,"column":33},"end":{"line":165,"column":63}},"type":"binary-expr","locations":[{"start":{"line":165,"column":33},"end":{"line":165,"column":58}},{"start":{"line":165,"column":62},"end":{"line":165,"column":63}}]},"5":{"loc":{"start":{"line":172,"column":6},"end":{"line":175,"column":7}},"type":"if","locations":[{"start":{"line":172,"column":6},"end":{"line":175,"column":7}},{"start":{},"end":{}}]},"6":{"loc":{"start":{"line":190,"column":6},"end":{"line":193,"column":7}},"type":"if","locations":[{"start":{"line":190,"column":6},"end":{"line":193,"column":7}},{"start":{},"end":{}}]},"7":{"loc":{"start":{"line":192,"column":18},"end":{"line":192,"column":48}},"type":"binary-expr","locations":[{"start":{"line":192,"column":18},"end":{"line":192,"column":43}},{"start":{"line":192,"column":47},"end":{"line":192,"column":48}}]},"8":{"loc":{"start":{"line":196,"column":22},"end":{"line":196,"column":84}},"type":"cond-expr","locations":[{"start":{"line":196,"column":46},"end":{"line":196,"column":80}},{"start":{"line":196,"column":83},"end":{"line":196,"column":84}}]},"9":{"loc":{"start":{"line":201,"column":25},"end":{"line":201,"column":67}},"type":"binary-expr","locations":[{"start":{"line":201,"column":25},"end":{"line":201,"column":62}},{"start":{"line":201,"column":66},"end":{"line":201,"column":67}}]},"10":{"loc":{"start":{"line":246,"column":15},"end":{"line":246,"column":69}},"type":"binary-expr","locations":[{"start":{"line":246,"column":15},"end":{"line":246,"column":42}},{"start":{"line":246,"column":46},"end":{"line":246,"column":69}}]},"11":{"loc":{"start":{"line":251,"column":14},"end":{"line":251,"column":61}},"type":"cond-expr","locations":[{"start":{"line":251,"column":42},"end":{"line":251,"column":49}},{"start":{"line":251,"column":52},"end":{"line":251,"column":61}}]},"12":{"loc":{"start":{"line":262,"column":4},"end":{"line":272,"column":5}},"type":"if","locations":[{"start":{"line":262,"column":4},"end":{"line":272,"column":5}},{"start":{},"end":{}}]},"13":{"loc":{"start":{"line":290,"column":8},"end":{"line":301,"column":9}},"type":"if","locations":[{"start":{"line":290,"column":8},"end":{"line":301,"column":9}},{"start":{},"end":{}}]}},"s":{"0":4,"1":4,"2":4,"3":4,"4":0,"5":0,"6":0,"7":0,"8":0,"9":0,"10":0,"11":0,"12":0,"13":0,"14":0,"15":0,"16":0,"17":0,"18":0,"19":0,"20":0,"21":0,"22":0,"23":0,"24":0,"25":0,"26":0,"27":0,"28":0,"29":0,"30":0,"31":0,"32":0,"33":0,"34":0,"35":0,"36":0,"37":0,"38":0,"39":0,"40":0,"41":0,"42":0,"43":0,"44":0,"45":0,"46":0,"47":0,"48":0,"49":0,"50":0,"51":0,"52":0,"53":0,"54":0,"55":0,"56":0,"57":0,"58":0,"59":2,"60":0,"61":0,"62":0,"63":0,"64":0,"65":0,"66":0,"67":0,"68":0,"69":0,"70":4,"71":4},"f":{"0":4,"1":0,"2":0,"3":0,"4":0,"5":0,"6":0,"7":0,"8":0,"9":0,"10":0,"11":0,"12":2,"13":0,"14":0},"b":{"0":[0,0],"1":[0,0],"2":[0,0],"3":[0,0],"4":[0,0],"5":[0,0],"6":[0,0],"7":[0,0],"8":[0,0],"9":[0,0],"10":[0,0],"11":[0,0],"12":[0,0],"13":[0,0]}}
,"C:\\Users\\TREIGUA\\Desktop\\WEBSITE\\Replit BroLab\\BroLab\\server\\lib\\pdf.ts": {"path":"C:\\Users\\TREIGUA\\Desktop\\WEBSITE\\Replit BroLab\\BroLab\\server\\lib\\pdf.ts","statementMap":{"0":{"start":{"line":12,"column":0},"end":{"line":12,"column":16}},"1":{"start":{"line":1,"column":0},"end":{"line":1,"column":20}},"2":{"start":{"line":2,"column":0},"end":{"line":2,"column":33}},"3":{"start":{"line":17,"column":14},"end":{"line":17,"column":57}},"4":{"start":{"line":19,"column":2},"end":{"line":19,"column":53}},"5":{"start":{"line":20,"column":2},"end":{"line":22,"column":3}},"6":{"start":{"line":21,"column":4},"end":{"line":21,"column":53}},"7":{"start":{"line":23,"column":2},"end":{"line":23,"column":84}},"8":{"start":{"line":24,"column":2},"end":{"line":24,"column":117}},"9":{"start":{"line":25,"column":2},"end":{"line":25,"column":17}},"10":{"start":{"line":26,"column":2},"end":{"line":26,"column":24}},"11":{"start":{"line":28,"column":2},"end":{"line":28,"column":51}},"12":{"start":{"line":29,"column":2},"end":{"line":29,"column":77}},"13":{"start":{"line":30,"column":2},"end":{"line":30,"column":41}},"14":{"start":{"line":31,"column":2},"end":{"line":31,"column":17}},"15":{"start":{"line":33,"column":2},"end":{"line":33,"column":55}},"16":{"start":{"line":34,"column":2},"end":{"line":34,"column":20}},"17":{"start":{"line":35,"column":19},"end":{"line":35,"column":24}},"18":{"start":{"line":36,"column":2},"end":{"line":36,"column":159}},"19":{"start":{"line":37,"column":10},"end":{"line":37,"column":23}},"20":{"start":{"line":38,"column":2},"end":{"line":45,"column":5}},"21":{"start":{"line":39,"column":4},"end":{"line":43,"column":76}},"22":{"start":{"line":44,"column":4},"end":{"line":44,"column":12}},"23":{"start":{"line":46,"column":2},"end":{"line":46,"column":44}},"24":{"start":{"line":47,"column":2},"end":{"line":47,"column":10}},"25":{"start":{"line":49,"column":2},"end":{"line":49,"column":77}},"26":{"start":{"line":50,"column":2},"end":{"line":50,"column":12}},"27":{"start":{"line":51,"column":2},"end":{"line":51,"column":13}}},"fnMap":{"0":{"name":"buildInvoicePdfStream","decl":{"start":{"line":12,"column":16},"end":{"line":12,"column":37}},"loc":{"start":{"line":15,"column":20},"end":{"line":52,"column":1}}},"1":{"name":"(anonymous_2)","decl":{"start":{"line":38,"column":16},"end":{"line":38,"column":20}},"loc":{"start":{"line":38,"column":23},"end":{"line":45,"column":3}}}},"branchMap":{"0":{"loc":{"start":{"line":20,"column":2},"end":{"line":22,"column":3}},"type":"if","locations":[{"start":{"line":20,"column":2},"end":{"line":22,"column":3}},{"start":{},"end":{}}]},"1":{"loc":{"start":{"line":20,"column":6},"end":{"line":20,"column":53}},"type":"binary-expr","locations":[{"start":{"line":20,"column":6},"end":{"line":20,"column":20}},{"start":{"line":20,"column":24},"end":{"line":20,"column":53}}]},"2":{"loc":{"start":{"line":24,"column":38},"end":{"line":24,"column":64}},"type":"binary-expr","locations":[{"start":{"line":24,"column":38},"end":{"line":24,"column":58}},{"start":{"line":24,"column":62},"end":{"line":24,"column":64}}]},"3":{"loc":{"start":{"line":29,"column":21},"end":{"line":29,"column":73}},"type":"cond-expr","locations":[{"start":{"line":29,"column":40},"end":{"line":29,"column":68}},{"start":{"line":29,"column":71},"end":{"line":29,"column":73}}]},"4":{"loc":{"start":{"line":39,"column":20},"end":{"line":39,"column":49}},"type":"cond-expr","locations":[{"start":{"line":39,"column":43},"end":{"line":39,"column":47}},{"start":{"line":39,"column":47},"end":{"line":39,"column":49}}]},"5":{"loc":{"start":{"line":39,"column":20},"end":{"line":39,"column":47}},"type":"binary-expr","locations":[{"start":{"line":39,"column":20},"end":{"line":39,"column":47}},{"start":{"line":39,"column":43},"end":{"line":39,"column":47}}]},"6":{"loc":{"start":{"line":39,"column":20},"end":{"line":39,"column":43}},"type":"cond-expr","locations":[{"start":{"line":39,"column":32},"end":{"line":39,"column":36}},{"start":{"line":39,"column":36},"end":{"line":39,"column":43}}]},"7":{"loc":{"start":{"line":39,"column":20},"end":{"line":39,"column":36}},"type":"binary-expr","locations":[{"start":{"line":39,"column":20},"end":{"line":39,"column":36}},{"start":{"line":39,"column":32},"end":{"line":39,"column":36}}]},"8":{"loc":{"start":{"line":40,"column":12},"end":{"line":40,"column":35}},"type":"binary-expr","locations":[{"start":{"line":40,"column":12},"end":{"line":40,"column":29}},{"start":{"line":40,"column":33},"end":{"line":40,"column":35}}]},"9":{"loc":{"start":{"line":41,"column":22},"end":{"line":41,"column":50}},"type":"binary-expr","locations":[{"start":{"line":41,"column":22},"end":{"line":41,"column":44}},{"start":{"line":41,"column":48},"end":{"line":41,"column":50}}]},"10":{"loc":{"start":{"line":41,"column":22},"end":{"line":41,"column":44}},"type":"cond-expr","locations":[{"start":{"line":41,"column":32},"end":{"line":41,"column":34}},{"start":{"line":41,"column":32},"end":{"line":41,"column":44}}]},"11":{"loc":{"start":{"line":41,"column":22},"end":{"line":41,"column":34}},"type":"binary-expr","locations":[{"start":{"line":41,"column":22},"end":{"line":41,"column":34}},{"start":{"line":41,"column":32},"end":{"line":41,"column":34}}]},"12":{"loc":{"start":{"line":42,"column":19},"end":{"line":42,"column":37}},"type":"binary-expr","locations":[{"start":{"line":42,"column":19},"end":{"line":42,"column":32}},{"start":{"line":42,"column":36},"end":{"line":42,"column":37}}]},"13":{"loc":{"start":{"line":43,"column":23},"end":{"line":43,"column":38}},"type":"binary-expr","locations":[{"start":{"line":43,"column":23},"end":{"line":43,"column":33}},{"start":{"line":43,"column":37},"end":{"line":43,"column":38}}]},"14":{"loc":{"start":{"line":43,"column":43},"end":{"line":43,"column":61}},"type":"binary-expr","locations":[{"start":{"line":43,"column":43},"end":{"line":43,"column":56}},{"start":{"line":43,"column":60},"end":{"line":43,"column":61}}]},"15":{"loc":{"start":{"line":49,"column":35},"end":{"line":49,"column":64}},"type":"binary-expr","locations":[{"start":{"line":49,"column":35},"end":{"line":49,"column":58}},{"start":{"line":49,"column":62},"end":{"line":49,"column":64}}]},"16":{"loc":{"start":{"line":49,"column":35},"end":{"line":49,"column":58}},"type":"cond-expr","locations":[{"start":{"line":49,"column":46},"end":{"line":49,"column":48}},{"start":{"line":49,"column":46},"end":{"line":49,"column":58}}]},"17":{"loc":{"start":{"line":49,"column":35},"end":{"line":49,"column":48}},"type":"binary-expr","locations":[{"start":{"line":49,"column":35},"end":{"line":49,"column":48}},{"start":{"line":49,"column":46},"end":{"line":49,"column":48}}]}},"s":{"0":4,"1":4,"2":4,"3":0,"4":0,"5":0,"6":0,"7":0,"8":0,"9":0,"10":0,"11":0,"12":0,"13":0,"14":0,"15":0,"16":0,"17":0,"18":0,"19":0,"20":0,"21":0,"22":0,"23":0,"24":0,"25":0,"26":0,"27":0},"f":{"0":0,"1":0},"b":{"0":[0,0],"1":[0,0],"2":[0,0],"3":[0,0],"4":[0,0],"5":[0,0],"6":[0,0],"7":[0,0],"8":[0,0],"9":[0,0],"10":[0,0],"11":[0,0],"12":[0,0],"13":[0,0],"14":[0,0],"15":[0,0],"16":[0,0],"17":[0,0]}}
,"C:\\Users\\TREIGUA\\Desktop\\WEBSITE\\Replit BroLab\\BroLab\\server\\lib\\sitemapGenerator.ts": {"path":"C:\\Users\\TREIGUA\\Desktop\\WEBSITE\\Replit BroLab\\BroLab\\server\\lib\\sitemapGenerator.ts","statementMap":{"0":{"start":{"line":21,"column":0},"end":{"line":21,"column":16}},"1":{"start":{"line":135,"column":0},"end":{"line":135,"column":16}},"2":{"start":{"line":150,"column":0},"end":{"line":150,"column":16}},"3":{"start":{"line":26,"column":97},"end":{"line":26,"column":103}},"4":{"start":{"line":28,"column":29},"end":{"line":28,"column":31}},"5":{"start":{"line":31,"column":2},"end":{"line":36,"column":5}},"6":{"start":{"line":39,"column":2},"end":{"line":44,"column":5}},"7":{"start":{"line":47,"column":2},"end":{"line":64,"column":3}},"8":{"start":{"line":48,"column":24},"end":{"line":54,"column":6}},"9":{"start":{"line":56,"column":4},"end":{"line":63,"column":7}},"10":{"start":{"line":57,"column":6},"end":{"line":62,"column":9}},"11":{"start":{"line":67,"column":2},"end":{"line":76,"column":3}},"12":{"start":{"line":68,"column":4},"end":{"line":75,"column":7}},"13":{"start":{"line":69,"column":6},"end":{"line":74,"column":9}},"14":{"start":{"line":79,"column":2},"end":{"line":88,"column":5}},"15":{"start":{"line":80,"column":32},"end":{"line":85,"column":6}},"16":{"start":{"line":87,"column":4},"end":{"line":87,"column":23}},"17":{"start":{"line":91,"column":14},"end":{"line":127,"column":11}},"18":{"start":{"line":95,"column":19},"end":{"line":96,"column":26}},"19":{"start":{"line":98,"column":2},"end":{"line":100,"column":3}},"20":{"start":{"line":99,"column":4},"end":{"line":99,"column":60}},"21":{"start":{"line":102,"column":2},"end":{"line":104,"column":3}},"22":{"start":{"line":103,"column":4},"end":{"line":103,"column":69}},"23":{"start":{"line":106,"column":2},"end":{"line":108,"column":3}},"24":{"start":{"line":107,"column":4},"end":{"line":107,"column":63}},"25":{"start":{"line":111,"column":7},"end":{"line":122,"column":6}},"26":{"start":{"line":112,"column":22},"end":{"line":112,"column":46}},"27":{"start":{"line":113,"column":20},"end":{"line":113,"column":63}},"28":{"start":{"line":113,"column":36},"end":{"line":113,"column":62}},"29":{"start":{"line":115,"column":7},"end":{"line":121,"column":8}},"30":{"start":{"line":116,"column":9},"end":{"line":120,"column":21}},"31":{"start":{"line":124,"column":2},"end":{"line":124,"column":29}},"32":{"start":{"line":125,"column":2},"end":{"line":125,"column":20}},"33":{"start":{"line":129,"column":2},"end":{"line":129,"column":13}},"34":{"start":{"line":136,"column":14},"end":{"line":142,"column":17}},"35":{"start":{"line":138,"column":26},"end":{"line":141,"column":14}},"36":{"start":{"line":144,"column":2},"end":{"line":144,"column":13}},"37":{"start":{"line":151,"column":2},"end":{"line":170,"column":16}}},"fnMap":{"0":{"name":"generateSitemapXML","decl":{"start":{"line":21,"column":16},"end":{"line":21,"column":34}},"loc":{"start":{"line":24,"column":23},"end":{"line":130,"column":1}}},"1":{"name":"(anonymous_1)","decl":{"start":{"line":56,"column":24},"end":{"line":56,"column":28}},"loc":{"start":{"line":56,"column":31},"end":{"line":63,"column":5}}},"2":{"name":"(anonymous_2)","decl":{"start":{"line":68,"column":23},"end":{"line":68,"column":31}},"loc":{"start":{"line":68,"column":34},"end":{"line":75,"column":5}}},"3":{"name":"(anonymous_3)","decl":{"start":{"line":79,"column":16},"end":{"line":79,"column":20}},"loc":{"start":{"line":79,"column":23},"end":{"line":88,"column":3}}},"4":{"name":"(anonymous_4)","decl":{"start":{"line":94,"column":11},"end":{"line":94,"column":14}},"loc":{"start":{"line":94,"column":17},"end":{"line":126,"column":1}}},"5":{"name":"(anonymous_5)","decl":{"start":{"line":113,"column":31},"end":{"line":113,"column":32}},"loc":{"start":{"line":113,"column":36},"end":{"line":113,"column":62}}},"6":{"name":"generateSitemapIndex","decl":{"start":{"line":135,"column":16},"end":{"line":135,"column":36}},"loc":{"start":{"line":135,"column":72},"end":{"line":145,"column":1}}},"7":{"name":"(anonymous_7)","decl":{"start":{"line":138,"column":15},"end":{"line":138,"column":22}},"loc":{"start":{"line":138,"column":26},"end":{"line":141,"column":14}}},"8":{"name":"generateRobotsTxt","decl":{"start":{"line":150,"column":16},"end":{"line":150,"column":33}},"loc":{"start":{"line":150,"column":49},"end":{"line":171,"column":1}}}},"branchMap":{"0":{"loc":{"start":{"line":26,"column":19},"end":{"line":26,"column":39}},"type":"default-arg","locations":[{"start":{"line":26,"column":35},"end":{"line":26,"column":39}}]},"1":{"loc":{"start":{"line":26,"column":41},"end":{"line":26,"column":65}},"type":"default-arg","locations":[{"start":{"line":26,"column":61},"end":{"line":26,"column":65}}]},"2":{"loc":{"start":{"line":26,"column":67},"end":{"line":26,"column":92}},"type":"default-arg","locations":[{"start":{"line":26,"column":88},"end":{"line":26,"column":92}}]},"3":{"loc":{"start":{"line":47,"column":2},"end":{"line":64,"column":3}},"type":"if","locations":[{"start":{"line":47,"column":2},"end":{"line":64,"column":3}},{"start":{},"end":{}}]},"4":{"loc":{"start":{"line":67,"column":2},"end":{"line":76,"column":3}},"type":"if","locations":[{"start":{"line":67,"column":2},"end":{"line":76,"column":3}},{"start":{},"end":{}}]},"5":{"loc":{"start":{"line":67,"column":6},"end":{"line":67,"column":48}},"type":"binary-expr","locations":[{"start":{"line":67,"column":6},"end":{"line":67,"column":23}},{"start":{"line":67,"column":27},"end":{"line":67,"column":48}}]},"6":{"loc":{"start":{"line":84,"column":16},"end":{"line":84,"column":145}},"type":"cond-expr","locations":[{"start":{"line":84,"column":42},"end":{"line":84,"column":104}},{"start":{"line":84,"column":107},"end":{"line":84,"column":145}}]},"7":{"loc":{"start":{"line":98,"column":2},"end":{"line":100,"column":3}},"type":"if","locations":[{"start":{"line":98,"column":2},"end":{"line":100,"column":3}},{"start":{},"end":{}}]},"8":{"loc":{"start":{"line":102,"column":2},"end":{"line":104,"column":3}},"type":"if","locations":[{"start":{"line":102,"column":2},"end":{"line":104,"column":3}},{"start":{},"end":{}}]},"9":{"loc":{"start":{"line":106,"column":2},"end":{"line":108,"column":3}},"type":"if","locations":[{"start":{"line":106,"column":2},"end":{"line":108,"column":3}},{"start":{},"end":{}}]},"10":{"loc":{"start":{"line":111,"column":7},"end":{"line":122,"column":6}},"type":"if","locations":[{"start":{"line":111,"column":7},"end":{"line":122,"column":6}},{"start":{},"end":{}}]},"11":{"loc":{"start":{"line":111,"column":11},"end":{"line":111,"column":77}},"type":"binary-expr","locations":[{"start":{"line":111,"column":11},"end":{"line":111,"column":24}},{"start":{"line":111,"column":28},"end":{"line":111,"column":57}},{"start":{"line":111,"column":61},"end":{"line":111,"column":77}}]},"12":{"loc":{"start":{"line":115,"column":7},"end":{"line":121,"column":8}},"type":"if","locations":[{"start":{"line":115,"column":7},"end":{"line":121,"column":8}},{"start":{},"end":{}}]},"13":{"loc":{"start":{"line":115,"column":11},"end":{"line":115,"column":42}},"type":"binary-expr","locations":[{"start":{"line":115,"column":11},"end":{"line":115,"column":15}},{"start":{"line":115,"column":20},"end":{"line":115,"column":42}}]}},"s":{"0":2,"1":2,"2":2,"3":2,"4":2,"5":2,"6":2,"7":2,"8":2,"9":2,"10":10,"11":2,"12":0,"13":0,"14":2,"15":0,"16":0,"17":2,"18":14,"19":14,"20":14,"21":14,"22":14,"23":14,"24":14,"25":14,"26":0,"27":0,"28":0,"29":0,"30":0,"31":14,"32":14,"33":2,"34":0,"35":0,"36":0,"37":0},"f":{"0":2,"1":10,"2":0,"3":0,"4":14,"5":0,"6":0,"7":0,"8":0},"b":{"0":[0],"1":[0],"2":[0],"3":[2,0],"4":[0,2],"5":[2,2],"6":[0,0],"7":[14,0],"8":[14,0],"9":[14,0],"10":[0,14],"11":[14,14,0],"12":[0,0],"13":[0,0]}}
,"C:\\Users\\TREIGUA\\Desktop\\WEBSITE\\Replit BroLab\\BroLab\\server\\lib\\storage.ts": {"path":"C:\\Users\\TREIGUA\\Desktop\\WEBSITE\\Replit BroLab\\BroLab\\server\\lib\\storage.ts","statementMap":{"0":{"start":{"line":11,"column":0},"end":{"line":11,"column":22}},"1":{"start":{"line":40,"column":0},"end":{"line":40,"column":22}},"2":{"start":{"line":58,"column":0},"end":{"line":58,"column":22}},"3":{"start":{"line":4,"column":24},"end":{"line":8,"column":11}},"4":{"start":{"line":69,"column":9},"end":{"line":69,"column":24}},"5":{"start":{"line":12,"column":2},"end":{"line":37,"column":null}},"6":{"start":{"line":36,"column":2},"end":{"line":36,"column":68}},"7":{"start":{"line":41,"column":2},"end":{"line":55,"column":null}},"8":{"start":{"line":54,"column":2},"end":{"line":54,"column":43}}},"fnMap":{"0":{"name":"uploadUserFile","decl":{"start":{"line":11,"column":22},"end":{"line":11,"column":36}},"loc":{"start":{"line":11,"column":36},"end":{"line":37,"column":null}}},"1":{"name":"(anonymous_8)","decl":{"start":{"line":12,"column":2},"end":{"line":12,"column":16}},"loc":{"start":{"line":16,"column":63},"end":{"line":37,"column":1}}},"2":{"name":"getSignedUrl","decl":{"start":{"line":40,"column":22},"end":{"line":40,"column":34}},"loc":{"start":{"line":40,"column":34},"end":{"line":55,"column":null}}},"3":{"name":"(anonymous_10)","decl":{"start":{"line":41,"column":2},"end":{"line":41,"column":47}},"loc":{"start":{"line":43,"column":26},"end":{"line":55,"column":1}}},"4":{"name":"deleteFile","decl":{"start":{"line":58,"column":22},"end":{"line":58,"column":32}},"loc":{"start":{"line":60,"column":14},"end":{"line":67,"column":null}}}},"branchMap":{"0":{"loc":{"start":{"line":16,"column":2},"end":{"line":16,"column":63}},"type":"default-arg","locations":[{"start":{"line":16,"column":61},"end":{"line":16,"column":63}}]},"1":{"loc":{"start":{"line":43,"column":2},"end":{"line":43,"column":26}},"type":"default-arg","locations":[{"start":{"line":43,"column":22},"end":{"line":43,"column":26}}]}},"s":{"0":4,"1":4,"2":4,"3":4,"4":4,"5":0,"6":0,"7":0,"8":0},"f":{"0":0,"1":0,"2":0,"3":0,"4":0},"b":{"0":[0],"1":[0]}}
,"C:\\Users\\TREIGUA\\Desktop\\WEBSITE\\Replit BroLab\\BroLab\\server\\lib\\upload.ts": {"path":"C:\\Users\\TREIGUA\\Desktop\\WEBSITE\\Replit BroLab\\BroLab\\server\\lib\\upload.ts","statementMap":{"0":{"start":{"line":20,"column":0},"end":{"line":20,"column":22}},"1":{"start":{"line":68,"column":0},"end":{"line":68,"column":22}},"2":{"start":{"line":76,"column":0},"end":{"line":76,"column":22}},"3":{"start":{"line":1,"column":0},"end":{"line":1,"column":47}},"4":{"start":{"line":3,"column":0},"end":{"line":3,"column":50}},"5":{"start":{"line":6,"column":27},"end":{"line":10,"column":2}},"6":{"start":{"line":13,"column":20},"end":{"line":17,"column":2}},"7":{"start":{"line":21,"column":2},"end":{"line":65,"column":null}},"8":{"start":{"line":28,"column":27},"end":{"line":28,"column":29}},"9":{"start":{"line":31,"column":25},"end":{"line":31,"column":49}},"10":{"start":{"line":32,"column":2},"end":{"line":34,"column":3}},"11":{"start":{"line":33,"column":4},"end":{"line":33,"column":26}},"12":{"start":{"line":37,"column":21},"end":{"line":37,"column":32}},"13":{"start":{"line":38,"column":23},"end":{"line":38,"column":59}},"14":{"start":{"line":41,"column":19},"end":{"line":41,"column":46}},"15":{"start":{"line":42,"column":23},"end":{"line":42,"column":75}},"16":{"start":{"line":43,"column":23},"end":{"line":43,"column":58}},"17":{"start":{"line":45,"column":2},"end":{"line":47,"column":3}},"18":{"start":{"line":46,"column":4},"end":{"line":46,"column":92}},"19":{"start":{"line":50,"column":18},"end":{"line":50,"column":58}},"20":{"start":{"line":51,"column":2},"end":{"line":53,"column":3}},"21":{"start":{"line":52,"column":4},"end":{"line":52,"column":85}},"22":{"start":{"line":56,"column":2},"end":{"line":59,"column":3}},"23":{"start":{"line":61,"column":2},"end":{"line":64,"column":4}},"24":{"start":{"line":71,"column":2},"end":{"line":71,"column":58}},"25":{"start":{"line":71,"column":31},"end":{"line":71,"column":56}},"26":{"start":{"line":72,"column":2},"end":{"line":72,"column":14}},"27":{"start":{"line":77,"column":2},"end":{"line":109,"column":null}},"28":{"start":{"line":105,"column":2},"end":{"line":108,"column":4}},"29":{"start":{"line":111,"column":0},"end":{"line":117,"column":2}}},"fnMap":{"0":{"name":"validateFile","decl":{"start":{"line":20,"column":22},"end":{"line":20,"column":34}},"loc":{"start":{"line":20,"column":34},"end":{"line":65,"column":null}}},"1":{"name":"(anonymous_8)","decl":{"start":{"line":21,"column":2},"end":{"line":21,"column":27}},"loc":{"start":{"line":26,"column":8},"end":{"line":65,"column":1}}},"2":{"name":"scanFile","decl":{"start":{"line":68,"column":22},"end":{"line":68,"column":30}},"loc":{"start":{"line":68,"column":56},"end":{"line":73,"column":null}}},"3":{"name":"(anonymous_11)","decl":{"start":{"line":71,"column":20},"end":{"line":71,"column":27}},"loc":{"start":{"line":71,"column":31},"end":{"line":71,"column":56}}},"4":{"name":"uploadToSupabase","decl":{"start":{"line":76,"column":22},"end":{"line":76,"column":38}},"loc":{"start":{"line":76,"column":38},"end":{"line":109,"column":null}}},"5":{"name":"(anonymous_13)","decl":{"start":{"line":77,"column":2},"end":{"line":77,"column":27}},"loc":{"start":{"line":79,"column":63},"end":{"line":109,"column":1}}}},"branchMap":{"0":{"loc":{"start":{"line":22,"column":2},"end":{"line":26,"column":8}},"type":"default-arg","locations":[{"start":{"line":26,"column":6},"end":{"line":26,"column":8}}]},"1":{"loc":{"start":{"line":32,"column":2},"end":{"line":34,"column":3}},"type":"if","locations":[{"start":{"line":32,"column":2},"end":{"line":34,"column":3}},{"start":{},"end":{}}]},"2":{"loc":{"start":{"line":41,"column":19},"end":{"line":41,"column":46}},"type":"binary-expr","locations":[{"start":{"line":41,"column":19},"end":{"line":41,"column":35}},{"start":{"line":41,"column":39},"end":{"line":41,"column":46}}]},"3":{"loc":{"start":{"line":42,"column":23},"end":{"line":42,"column":75}},"type":"binary-expr","locations":[{"start":{"line":42,"column":23},"end":{"line":42,"column":43}},{"start":{"line":42,"column":47},"end":{"line":42,"column":75}}]},"4":{"loc":{"start":{"line":43,"column":23},"end":{"line":43,"column":58}},"type":"binary-expr","locations":[{"start":{"line":43,"column":23},"end":{"line":43,"column":41}},{"start":{"line":43,"column":45},"end":{"line":43,"column":58}}]},"5":{"loc":{"start":{"line":43,"column":23},"end":{"line":43,"column":41}},"type":"cond-expr","locations":[{"start":{"line":43,"column":35},"end":{"line":43,"column":37}},{"start":{"line":43,"column":23},"end":{"line":43,"column":41}}]},"6":{"loc":{"start":{"line":43,"column":23},"end":{"line":43,"column":37}},"type":"binary-expr","locations":[{"start":{"line":43,"column":23},"end":{"line":43,"column":37}},{"start":{"line":43,"column":23},"end":{"line":43,"column":37}}]},"7":{"loc":{"start":{"line":45,"column":2},"end":{"line":47,"column":3}},"type":"if","locations":[{"start":{"line":45,"column":2},"end":{"line":47,"column":3}},{"start":{},"end":{}}]},"8":{"loc":{"start":{"line":50,"column":18},"end":{"line":50,"column":58}},"type":"binary-expr","locations":[{"start":{"line":50,"column":18},"end":{"line":50,"column":33}},{"start":{"line":50,"column":37},"end":{"line":50,"column":58}}]},"9":{"loc":{"start":{"line":51,"column":2},"end":{"line":53,"column":3}},"type":"if","locations":[{"start":{"line":51,"column":2},"end":{"line":53,"column":3}},{"start":{},"end":{}}]},"10":{"loc":{"start":{"line":56,"column":2},"end":{"line":59,"column":3}},"type":"if","locations":[{"start":{"line":56,"column":2},"end":{"line":59,"column":3}},{"start":{},"end":{}}]},"11":{"loc":{"start":{"line":79,"column":2},"end":{"line":79,"column":63}},"type":"default-arg","locations":[{"start":{"line":79,"column":61},"end":{"line":79,"column":63}}]}},"s":{"0":4,"1":4,"2":4,"3":4,"4":4,"5":4,"6":4,"7":0,"8":0,"9":0,"10":0,"11":0,"12":0,"13":0,"14":0,"15":0,"16":0,"17":0,"18":0,"19":0,"20":0,"21":0,"22":0,"23":0,"24":0,"25":0,"26":0,"27":0,"28":0,"29":4},"f":{"0":0,"1":0,"2":0,"3":0,"4":0,"5":0},"b":{"0":[0],"1":[0,0],"2":[0,0],"3":[0,0],"4":[0,0],"5":[0,0],"6":[0,0],"7":[0,0],"8":[0,0],"9":[0,0],"10":[0,0],"11":[0]}}
,"C:\\Users\\TREIGUA\\Desktop\\WEBSITE\\Replit BroLab\\BroLab\\server\\lib\\validation.ts": {"path":"C:\\Users\\TREIGUA\\Desktop\\WEBSITE\\Replit BroLab\\BroLab\\server\\lib\\validation.ts","statementMap":{"0":{"start":{"line":1,"column":0},"end":{"line":1,"column":24}},"1":{"start":{"line":3,"column":0},"end":{"line":3,"column":81}},"2":{"start":{"line":22,"column":13},"end":{"line":30,"column":3}},"3":{"start":{"line":28,"column":21},"end":{"line":28,"column":80}},"4":{"start":{"line":32,"column":13},"end":{"line":37,"column":3}},"5":{"start":{"line":40,"column":13},"end":{"line":55,"column":3}},"6":{"start":{"line":43,"column":21},"end":{"line":43,"column":56}},"7":{"start":{"line":58,"column":33},"end":{"line":63,"column":1}},"8":{"start":{"line":59,"column":2},"end":{"line":62,"column":20}},"9":{"start":{"line":58,"column":13},"end":{"line":58,"column":33}},"10":{"start":{"line":66,"column":32},"end":{"line":75,"column":1}},"11":{"start":{"line":68,"column":2},"end":{"line":70,"column":3}},"12":{"start":{"line":69,"column":4},"end":{"line":69,"column":17}},"13":{"start":{"line":73,"column":25},"end":{"line":73,"column":48}},"14":{"start":{"line":74,"column":2},"end":{"line":74,"column":35}},"15":{"start":{"line":66,"column":13},"end":{"line":66,"column":32}},"16":{"start":{"line":78,"column":32},"end":{"line":94,"column":1}},"17":{"start":{"line":79,"column":26},"end":{"line":90,"column":4}},"18":{"start":{"line":92,"column":18},"end":{"line":92,"column":74}},"19":{"start":{"line":93,"column":2},"end":{"line":93,"column":36}},"20":{"start":{"line":78,"column":13},"end":{"line":78,"column":32}},"21":{"start":{"line":97,"column":13},"end":{"line":102,"column":3}},"22":{"start":{"line":105,"column":28},"end":{"line":109,"column":1}},"23":{"start":{"line":107,"column":20},"end":{"line":107,"column":96}},"24":{"start":{"line":108,"column":2},"end":{"line":108,"column":30}},"25":{"start":{"line":105,"column":13},"end":{"line":105,"column":28}},"26":{"start":{"line":111,"column":29},"end":{"line":114,"column":1}},"27":{"start":{"line":112,"column":21},"end":{"line":112,"column":49}},"28":{"start":{"line":113,"column":2},"end":{"line":113,"column":55}},"29":{"start":{"line":111,"column":13},"end":{"line":111,"column":29}},"30":{"start":{"line":116,"column":35},"end":{"line":122,"column":1}},"31":{"start":{"line":118,"column":21},"end":{"line":118,"column":48}},"32":{"start":{"line":120,"column":21},"end":{"line":120,"column":48}},"33":{"start":{"line":121,"column":2},"end":{"line":121,"column":85}},"34":{"start":{"line":116,"column":13},"end":{"line":116,"column":35}},"35":{"start":{"line":125,"column":37},"end":{"line":130,"column":1}},"36":{"start":{"line":126,"column":2},"end":{"line":129,"column":6}},"37":{"start":{"line":126,"column":34},"end":{"line":129,"column":4}},"38":{"start":{"line":125,"column":13},"end":{"line":125,"column":37}},"39":{"start":{"line":133,"column":42},"end":{"line":156,"column":1}},"40":{"start":{"line":134,"column":2},"end":{"line":155,"column":4}},"41":{"start":{"line":134,"column":99},"end":{"line":155,"column":4}},"42":{"start":{"line":135,"column":4},"end":{"line":154,"column":5}},"43":{"start":{"line":137,"column":6},"end":{"line":141,"column":7}},"44":{"start":{"line":138,"column":8},"end":{"line":138,"column":35}},"45":{"start":{"line":140,"column":8},"end":{"line":140,"column":34}},"46":{"start":{"line":142,"column":28},"end":{"line":142,"column":56}},"47":{"start":{"line":143,"column":6},"end":{"line":143,"column":40}},"48":{"start":{"line":144,"column":6},"end":{"line":144,"column":13}},"49":{"start":{"line":146,"column":6},"end":{"line":152,"column":7}},"50":{"start":{"line":147,"column":32},"end":{"line":147,"column":60}},"51":{"start":{"line":148,"column":8},"end":{"line":151,"column":11}},"52":{"start":{"line":153,"column":6},"end":{"line":153,"column":18}},"53":{"start":{"line":133,"column":13},"end":{"line":133,"column":42}},"54":{"start":{"line":159,"column":34},"end":{"line":188,"column":1}},"55":{"start":{"line":160,"column":27},"end":{"line":160,"column":29}},"56":{"start":{"line":163,"column":2},"end":{"line":165,"column":3}},"57":{"start":{"line":164,"column":4},"end":{"line":164,"column":48}},"58":{"start":{"line":168,"column":2},"end":{"line":170,"column":3}},"59":{"start":{"line":169,"column":4},"end":{"line":169,"column":41}},"60":{"start":{"line":173,"column":2},"end":{"line":175,"column":3}},"61":{"start":{"line":174,"column":4},"end":{"line":174,"column":36}},"62":{"start":{"line":178,"column":30},"end":{"line":178,"column":78}},"63":{"start":{"line":179,"column":20},"end":{"line":179,"column":93}},"64":{"start":{"line":180,"column":2},"end":{"line":182,"column":3}},"65":{"start":{"line":181,"column":4},"end":{"line":181,"column":52}},"66":{"start":{"line":184,"column":2},"end":{"line":187,"column":4}},"67":{"start":{"line":159,"column":13},"end":{"line":159,"column":34}},"68":{"start":{"line":190,"column":0},"end":{"line":203,"column":2}}},"fnMap":{"0":{"name":"(anonymous_7)","decl":{"start":{"line":28,"column":14},"end":{"line":28,"column":17}},"loc":{"start":{"line":28,"column":21},"end":{"line":28,"column":80}}},"1":{"name":"(anonymous_8)","decl":{"start":{"line":43,"column":14},"end":{"line":43,"column":17}},"loc":{"start":{"line":43,"column":21},"end":{"line":43,"column":56}}},"2":{"name":"(anonymous_9)","decl":{"start":{"line":58,"column":33},"end":{"line":58,"column":34}},"loc":{"start":{"line":58,"column":59},"end":{"line":63,"column":1}}},"3":{"name":"(anonymous_10)","decl":{"start":{"line":66,"column":32},"end":{"line":66,"column":33}},"loc":{"start":{"line":66,"column":58},"end":{"line":75,"column":1}}},"4":{"name":"(anonymous_11)","decl":{"start":{"line":78,"column":32},"end":{"line":78,"column":33}},"loc":{"start":{"line":78,"column":91},"end":{"line":94,"column":1}}},"5":{"name":"(anonymous_12)","decl":{"start":{"line":105,"column":28},"end":{"line":105,"column":29}},"loc":{"start":{"line":105,"column":54},"end":{"line":109,"column":1}}},"6":{"name":"(anonymous_13)","decl":{"start":{"line":111,"column":29},"end":{"line":111,"column":30}},"loc":{"start":{"line":111,"column":56},"end":{"line":114,"column":1}}},"7":{"name":"(anonymous_14)","decl":{"start":{"line":116,"column":35},"end":{"line":116,"column":36}},"loc":{"start":{"line":116,"column":62},"end":{"line":122,"column":1}}},"8":{"name":"(anonymous_15)","decl":{"start":{"line":125,"column":37},"end":{"line":125,"column":38}},"loc":{"start":{"line":125,"column":97},"end":{"line":130,"column":1}}},"9":{"name":"(anonymous_16)","decl":{"start":{"line":126,"column":26},"end":{"line":126,"column":29}},"loc":{"start":{"line":126,"column":34},"end":{"line":129,"column":4}}},"10":{"name":"(anonymous_17)","decl":{"start":{"line":133,"column":42},"end":{"line":133,"column":66}},"loc":{"start":{"line":133,"column":104},"end":{"line":156,"column":1}}},"11":{"name":"(anonymous_18)","decl":{"start":{"line":134,"column":9},"end":{"line":134,"column":16}},"loc":{"start":{"line":134,"column":99},"end":{"line":155,"column":4}}},"12":{"name":"(anonymous_19)","decl":{"start":{"line":134,"column":99},"end":{"line":134,"column":null}},"loc":{"start":{"line":134,"column":99},"end":{"line":155,"column":3}}},"13":{"name":"(anonymous_20)","decl":{"start":{"line":159,"column":34},"end":{"line":159,"column":35}},"loc":{"start":{"line":159,"column":102},"end":{"line":188,"column":1}}}},"branchMap":{"0":{"loc":{"start":{"line":68,"column":2},"end":{"line":70,"column":3}},"type":"if","locations":[{"start":{"line":68,"column":2},"end":{"line":70,"column":3}},{"start":{},"end":{}}]},"1":{"loc":{"start":{"line":68,"column":6},"end":{"line":68,"column":72}},"type":"binary-expr","locations":[{"start":{"line":68,"column":6},"end":{"line":68,"column":25}},{"start":{"line":68,"column":29},"end":{"line":68,"column":48}},{"start":{"line":68,"column":52},"end":{"line":68,"column":72}}]},"2":{"loc":{"start":{"line":78,"column":51},"end":{"line":78,"column":78}},"type":"default-arg","locations":[{"start":{"line":78,"column":76},"end":{"line":78,"column":78}}]},"3":{"loc":{"start":{"line":92,"column":18},"end":{"line":92,"column":74}},"type":"cond-expr","locations":[{"start":{"line":92,"column":44},"end":{"line":92,"column":56}},{"start":{"line":92,"column":59},"end":{"line":92,"column":74}}]},"4":{"loc":{"start":{"line":113,"column":9},"end":{"line":113,"column":54}},"type":"binary-expr","locations":[{"start":{"line":113,"column":9},"end":{"line":113,"column":31}},{"start":{"line":113,"column":35},"end":{"line":113,"column":54}}]},"5":{"loc":{"start":{"line":121,"column":9},"end":{"line":121,"column":84}},"type":"binary-expr","locations":[{"start":{"line":121,"column":9},"end":{"line":121,"column":31}},{"start":{"line":121,"column":35},"end":{"line":121,"column":57}},{"start":{"line":121,"column":61},"end":{"line":121,"column":84}}]},"6":{"loc":{"start":{"line":137,"column":6},"end":{"line":141,"column":7}},"type":"if","locations":[{"start":{"line":137,"column":6},"end":{"line":141,"column":7}},{"start":{"line":139,"column":13},"end":{"line":141,"column":7}}]},"7":{"loc":{"start":{"line":146,"column":6},"end":{"line":152,"column":7}},"type":"if","locations":[{"start":{"line":146,"column":6},"end":{"line":152,"column":7}},{"start":{},"end":{}}]},"8":{"loc":{"start":{"line":163,"column":2},"end":{"line":165,"column":3}},"type":"if","locations":[{"start":{"line":163,"column":2},"end":{"line":165,"column":3}},{"start":{},"end":{}}]},"9":{"loc":{"start":{"line":168,"column":2},"end":{"line":170,"column":3}},"type":"if","locations":[{"start":{"line":168,"column":2},"end":{"line":170,"column":3}},{"start":{},"end":{}}]},"10":{"loc":{"start":{"line":173,"column":2},"end":{"line":175,"column":3}},"type":"if","locations":[{"start":{"line":173,"column":2},"end":{"line":175,"column":3}},{"start":{},"end":{}}]},"11":{"loc":{"start":{"line":180,"column":2},"end":{"line":182,"column":3}},"type":"if","locations":[{"start":{"line":180,"column":2},"end":{"line":182,"column":3}},{"start":{},"end":{}}]}},"s":{"0":5,"1":5,"2":5,"3":1,"4":5,"5":5,"6":1,"7":5,"8":5,"9":5,"10":5,"11":15,"12":5,"13":10,"14":10,"15":5,"16":5,"17":14,"18":14,"19":14,"20":5,"21":5,"22":5,"23":7,"24":7,"25":5,"26":5,"27":9,"28":9,"29":5,"30":5,"31":8,"32":8,"33":8,"34":5,"35":5,"36":0,"37":0,"38":5,"39":5,"40":32,"41":0,"42":0,"43":0,"44":0,"45":0,"46":0,"47":0,"48":0,"49":0,"50":0,"51":0,"52":0,"53":5,"54":5,"55":5,"56":5,"57":1,"58":5,"59":2,"60":5,"61":1,"62":5,"63":5,"64":5,"65":1,"66":5,"67":5,"68":5},"f":{"0":1,"1":1,"2":5,"3":15,"4":14,"5":7,"6":9,"7":8,"8":0,"9":0,"10":32,"11":0,"12":0,"13":5},"b":{"0":[5,10],"1":[15,12,11],"2":[12],"3":[2,12],"4":[9,4],"5":[8,5,5],"6":[0,0],"7":[0,0],"8":[1,4],"9":[2,3],"10":[1,4],"11":[1,4]}}
}
