TN:
SF:server\lib\accessControl.ts
FN:21,isLicenseAllowedForUser
FNF:1
FNH:1
FNDA:21,isLicenseAllowedForUser
DA:21,1
DA:27,21
DA:29,17
DA:31,13
DA:32,2
DA:35,11
DA:36,3
DA:37,1
DA:40,8
DA:42,3
DA:43,2
DA:46,5
DA:48,4
LF:13
LH:13
BRDA:27,0,0,4
BRDA:27,0,1,17
BRDA:29,1,0,4
BRDA:29,1,1,13
BRDA:31,2,0,2
BRDA:31,2,1,11
BRDA:31,3,0,13
BRDA:31,3,1,2
BRDA:31,4,0,11
BRDA:31,4,1,2
BRDA:31,5,0,13
BRDA:31,5,1,13
BRDA:31,6,0,2
BRDA:31,6,1,2
BRDA:35,7,0,3
BRDA:35,7,1,8
BRDA:36,8,0,2
BRDA:36,8,1,1
BRDA:37,9,0,1
BRDA:37,9,1,0
BRDA:40,10,0,3
BRDA:40,10,1,5
BRDA:42,11,0,1
BRDA:42,11,1,2
BRDA:46,12,0,1
BRDA:46,12,1,4
BRDA:46,13,0,5
BRDA:46,13,1,2
BRF:28
BRH:27
end_of_record
TN:
SF:server\lib\cliPort.ts
FN:12,choosePort
FNF:1
FNH:1
FNDA:7,choosePort
DA:1,1
DA:12,1
DA:13,7
DA:14,7
DA:16,7
DA:17,7
DA:18,9
DA:19,9
DA:20,5
DA:22,4
DA:23,3
DA:24,2
DA:25,1
DA:26,1
DA:28,1
DA:30,1
DA:31,1
DA:32,1
DA:33,1
DA:34,1
DA:38,5
LF:21
LH:21
BRDA:22,0,0,3
BRDA:22,0,1,1
BRDA:22,1,0,4
BRDA:22,1,1,3
BRDA:24,2,0,1
BRDA:24,2,1,1
BRF:6
BRH:6
end_of_record
TN:
SF:server\lib\convex.ts
FN:13,getUserByClerkId
FN:19,upsertUser
FN:25,logDownload
FN:31,createOrder
FN:37,createReservation
FN:43,upsertSubscription
FN:49,logActivity
FNF:7
FNH:0
FNDA:0,getUserByClerkId
FNDA:0,upsertUser
FNDA:0,logDownload
FNDA:0,createOrder
FNDA:0,createReservation
FNDA:0,upsertSubscription
FNDA:0,logActivity
DA:1,4
DA:4,4
DA:10,4
DA:13,4
DA:15,0
DA:16,0
DA:19,4
DA:21,0
DA:22,0
DA:25,4
DA:27,0
DA:28,0
DA:31,4
DA:33,0
DA:34,0
DA:37,4
DA:39,0
DA:40,0
DA:43,4
DA:45,0
DA:46,0
DA:49,4
DA:51,0
DA:52,0
LF:24
LH:10
BRF:0
BRH:0
end_of_record
TN:
SF:server\lib\db.ts
FN:27,getUserByEmail
FN:34,getUserByUsername
FN:41,getUserByClerkId
FN:46,upsertUser
FN:53,logDownload
FN:53,(anonymous_16)
FN:87,listDownloads
FN:94,createServiceOrder
FN:101,listServiceOrders
FN:107,getUserById
FN:114,upsertSubscription
FN:114,(anonymous_26)
FN:136,getSubscription
FN:142,subscriptionStatusHelper
FN:149,createFileRecord
FN:155,getFileById
FN:161,getUserFiles
FN:174,deleteFileRecord
FN:179,logActivity
FN:190,saveInvoiceUrl
FN:196,ensureInvoiceNumber
FN:203,getOrderInvoiceData
FN:212,createOrder
FN:219,listUserOrders
FN:226,listOrderItems
FN:233,createReservation
FN:239,getReservationById
FN:245,getUserReservations
FN:251,updateReservationStatus
FN:260,getReservationsByDateRange
FN:270,updateUserAvatar
FNF:31
FNH:0
FNDA:0,getUserByEmail
FNDA:0,getUserByUsername
FNDA:0,getUserByClerkId
FNDA:0,upsertUser
FNDA:0,logDownload
FNDA:0,(anonymous_16)
FNDA:0,listDownloads
FNDA:0,createServiceOrder
FNDA:0,listServiceOrders
FNDA:0,getUserById
FNDA:0,upsertSubscription
FNDA:0,(anonymous_26)
FNDA:0,getSubscription
FNDA:0,subscriptionStatusHelper
FNDA:0,createFileRecord
FNDA:0,getFileById
FNDA:0,getUserFiles
FNDA:0,deleteFileRecord
FNDA:0,logActivity
FNDA:0,saveInvoiceUrl
FNDA:0,ensureInvoiceNumber
FNDA:0,getOrderInvoiceData
FNDA:0,createOrder
FNDA:0,listUserOrders
FNDA:0,listOrderItems
FNDA:0,createReservation
FNDA:0,getReservationById
FNDA:0,getUserReservations
FNDA:0,updateReservationStatus
FNDA:0,getReservationsByDateRange
FNDA:0,updateUserAvatar
DA:16,4
DA:27,4
DA:29,0
DA:30,0
DA:34,4
DA:36,0
DA:37,0
DA:41,4
DA:42,0
DA:46,4
DA:47,0
DA:48,0
DA:49,0
DA:53,4
DA:62,0
DA:64,0
DA:65,0
DA:72,0
DA:81,0
DA:82,0
DA:87,4
DA:89,0
DA:90,0
DA:94,4
DA:96,0
DA:97,0
DA:101,4
DA:103,0
DA:104,0
DA:107,4
DA:109,0
DA:110,0
DA:114,4
DA:127,0
DA:136,4
DA:138,0
DA:139,0
DA:142,4
DA:144,0
DA:145,0
DA:149,4
DA:151,0
DA:152,0
DA:155,4
DA:157,0
DA:158,0
DA:161,4
DA:170,0
DA:171,0
DA:174,4
DA:176,0
DA:179,4
DA:180,0
DA:185,0
DA:186,0
DA:190,4
DA:192,0
DA:196,4
DA:198,0
DA:199,0
DA:203,4
DA:207,0
DA:208,0
DA:212,4
DA:213,0
DA:214,0
DA:215,0
DA:219,4
DA:221,0
DA:222,0
DA:226,4
DA:228,0
DA:229,0
DA:233,4
DA:234,0
DA:235,0
DA:236,0
DA:239,4
DA:241,0
DA:242,0
DA:245,4
DA:247,0
DA:248,0
DA:251,4
DA:256,0
DA:257,0
DA:260,4
DA:265,0
DA:266,0
DA:270,4
DA:272,0
LF:91
LH:30
BRDA:48,0,0,0
BRDA:48,0,1,0
BRDA:73,1,0,0
BRDA:73,1,1,0
BRDA:73,2,0,0
BRDA:73,2,1,0
BRDA:73,3,0,0
BRDA:73,3,1,0
BRDA:181,4,0,0
BRDA:181,4,1,0
BRDA:185,5,0,0
BRDA:185,5,1,0
BRDA:214,6,0,0
BRDA:214,6,1,0
BRDA:235,7,0,0
BRDA:235,7,1,0
BRF:16
BRH:0
end_of_record
TN:
SF:server\lib\env.ts
FN:31,(anonymous_0)
FN:35,(anonymous_1)
FN:46,loadEnv
FN:49,(anonymous_3)
FNF:4
FNH:1
FNDA:0,(anonymous_0)
FNDA:0,(anonymous_1)
FNDA:2,loadEnv
FNDA:0,(anonymous_3)
DA:1,2
DA:3,2
DA:5,2
DA:31,0
DA:35,0
DA:46,2
DA:47,2
DA:48,2
DA:49,0
DA:50,0
DA:52,2
DA:53,2
DA:62,2
LF:13
LH:9
BRDA:3,0,0,2
BRDA:3,0,1,0
BRDA:10,1,0,0
BRDA:10,1,1,2
BRDA:11,2,0,0
BRDA:11,2,1,2
BRDA:14,3,0,0
BRDA:14,3,1,2
BRDA:48,4,0,0
BRDA:48,4,1,2
BRF:10
BRH:5
end_of_record
TN:
SF:server\lib\findFreePort.ts
FN:4,findFreePort
FN:4,(anonymous_9)
FN:8,(anonymous_10)
FN:10,(anonymous_11)
FN:14,(anonymous_12)
FN:15,(anonymous_13)
FN:27,promptForPort
FN:28,(anonymous_16)
FN:33,(anonymous_17)
FN:47,parsePortFlags
FNF:10
FNH:0
FNDA:0,findFreePort
FNDA:0,(anonymous_9)
FNDA:0,(anonymous_10)
FNDA:0,(anonymous_11)
FNDA:0,(anonymous_12)
FNDA:0,(anonymous_13)
FNDA:0,promptForPort
FNDA:0,(anonymous_16)
FNDA:0,(anonymous_17)
FNDA:0,parsePortFlags
DA:1,1
DA:2,1
DA:4,1
DA:5,0
DA:6,0
DA:7,0
DA:8,0
DA:9,0
DA:11,0
DA:12,0
DA:15,0
DA:19,0
DA:24,0
DA:27,1
DA:28,0
DA:29,0
DA:30,0
DA:34,0
DA:35,0
DA:36,0
DA:38,0
DA:39,0
DA:40,0
DA:47,1
DA:48,0
DA:50,0
DA:51,0
DA:52,0
DA:53,0
DA:55,0
LF:30
LH:5
BRDA:4,0,0,0
BRDA:11,1,0,0
BRDA:11,1,1,0
BRDA:35,2,0,0
BRDA:35,2,1,0
BRDA:36,3,0,0
BRDA:36,3,1,0
BRDA:39,4,0,0
BRDA:39,4,1,0
BRDA:39,5,0,0
BRDA:39,5,1,0
BRDA:39,5,2,0
BRDA:51,6,0,0
BRDA:51,6,1,0
BRDA:52,7,0,0
BRDA:52,7,1,0
BRDA:53,8,0,0
BRDA:53,8,1,0
BRF:18
BRH:0
end_of_record
TN:
SF:server\lib\logger.ts
FN:9,time
FN:14,(anonymous_1)
FN:18,(anonymous_2)
FN:21,(anonymous_3)
FNF:4
FNH:2
FNDA:2,time
FNDA:2,(anonymous_1)
FNDA:0,(anonymous_2)
FNDA:0,(anonymous_3)
DA:10,2
DA:13,2
DA:16,2
DA:19,0
DA:22,0
LF:5
LH:3
BRDA:14,0,0,0
BRDA:18,1,0,0
BRDA:21,2,0,0
BRF:3
BRH:0
end_of_record
TN:
SF:server\lib\monitoring.ts
FN:21,(anonymous_7)
FN:28,(anonymous_8)
FN:71,(anonymous_10)
FN:112,(anonymous_12)
FN:146,(anonymous_14)
FN:158,(anonymous_16)
FN:170,(anonymous_17)
FN:180,(anonymous_18)
FN:188,(anonymous_19)
FN:209,(anonymous_20)
FN:240,(anonymous_22)
FN:246,(anonymous_24)
FN:278,(anonymous_25)
FN:279,(anonymous_26)
FN:283,(anonymous_27)
FNF:15
FNH:2
FNDA:4,(anonymous_7)
FNDA:0,(anonymous_8)
FNDA:0,(anonymous_10)
FNDA:0,(anonymous_12)
FNDA:0,(anonymous_14)
FNDA:0,(anonymous_16)
FNDA:0,(anonymous_17)
FNDA:0,(anonymous_18)
FNDA:0,(anonymous_19)
FNDA:0,(anonymous_20)
FNDA:0,(anonymous_22)
FNDA:0,(anonymous_24)
FNDA:2,(anonymous_25)
FNDA:0,(anonymous_26)
FNDA:0,(anonymous_27)
DA:22,4
DA:23,4
DA:24,4
DA:25,4
DA:29,0
DA:30,0
DA:52,0
DA:53,0
DA:60,0
DA:72,0
DA:73,0
DA:93,0
DA:94,0
DA:101,0
DA:113,0
DA:114,0
DA:115,0
DA:122,0
DA:124,0
DA:125,0
DA:128,0
DA:135,0
DA:147,0
DA:153,0
DA:154,0
DA:159,0
DA:160,0
DA:162,0
DA:164,0
DA:165,0
DA:169,0
DA:170,0
DA:171,0
DA:172,0
DA:173,0
DA:174,0
DA:181,0
DA:182,0
DA:185,0
DA:186,0
DA:188,0
DA:189,0
DA:190,0
DA:191,0
DA:192,0
DA:196,0
DA:198,0
DA:215,0
DA:230,0
DA:235,0
DA:241,0
DA:242,0
DA:245,0
DA:246,0
DA:249,0
DA:250,0
DA:262,0
DA:263,0
DA:274,0
DA:279,2
DA:280,0
DA:281,0
DA:283,0
DA:284,0
DA:285,0
DA:287,0
DA:290,0
DA:291,0
DA:303,0
DA:306,0
DA:311,4
DA:312,4
LF:72
LH:7
BRDA:124,0,0,0
BRDA:124,0,1,0
BRDA:130,1,0,0
BRDA:130,1,1,0
BRDA:162,2,0,0
BRDA:162,2,1,0
BRDA:164,3,0,0
BRDA:164,3,1,0
BRDA:165,4,0,0
BRDA:165,4,1,0
BRDA:172,5,0,0
BRDA:172,5,1,0
BRDA:190,6,0,0
BRDA:190,6,1,0
BRDA:192,7,0,0
BRDA:192,7,1,0
BRDA:196,8,0,0
BRDA:196,8,1,0
BRDA:201,9,0,0
BRDA:201,9,1,0
BRDA:246,10,0,0
BRDA:246,10,1,0
BRDA:251,11,0,0
BRDA:251,11,1,0
BRDA:262,12,0,0
BRDA:262,12,1,0
BRDA:290,13,0,0
BRDA:290,13,1,0
BRF:28
BRH:0
end_of_record
TN:
SF:server\lib\pdf.ts
FN:12,buildInvoicePdfStream
FN:38,(anonymous_2)
FNF:2
FNH:0
FNDA:0,buildInvoicePdfStream
FNDA:0,(anonymous_2)
DA:1,4
DA:2,4
DA:12,4
DA:17,0
DA:19,0
DA:20,0
DA:21,0
DA:23,0
DA:24,0
DA:25,0
DA:26,0
DA:28,0
DA:29,0
DA:30,0
DA:31,0
DA:33,0
DA:34,0
DA:35,0
DA:36,0
DA:37,0
DA:38,0
DA:39,0
DA:44,0
DA:46,0
DA:47,0
DA:49,0
DA:50,0
DA:51,0
LF:28
LH:3
BRDA:20,0,0,0
BRDA:20,0,1,0
BRDA:20,1,0,0
BRDA:20,1,1,0
BRDA:24,2,0,0
BRDA:24,2,1,0
BRDA:29,3,0,0
BRDA:29,3,1,0
BRDA:39,4,0,0
BRDA:39,4,1,0
BRDA:39,5,0,0
BRDA:39,5,1,0
BRDA:39,6,0,0
BRDA:39,6,1,0
BRDA:39,7,0,0
BRDA:39,7,1,0
BRDA:40,8,0,0
BRDA:40,8,1,0
BRDA:41,9,0,0
BRDA:41,9,1,0
BRDA:41,10,0,0
BRDA:41,10,1,0
BRDA:41,11,0,0
BRDA:41,11,1,0
BRDA:42,12,0,0
BRDA:42,12,1,0
BRDA:43,13,0,0
BRDA:43,13,1,0
BRDA:43,14,0,0
BRDA:43,14,1,0
BRDA:49,15,0,0
BRDA:49,15,1,0
BRDA:49,16,0,0
BRDA:49,16,1,0
BRDA:49,17,0,0
BRDA:49,17,1,0
BRF:36
BRH:0
end_of_record
TN:
SF:server\lib\sitemapGenerator.ts
FN:21,generateSitemapXML
FN:56,(anonymous_1)
FN:68,(anonymous_2)
FN:79,(anonymous_3)
FN:94,(anonymous_4)
FN:113,(anonymous_5)
FN:135,generateSitemapIndex
FN:138,(anonymous_7)
FN:150,generateRobotsTxt
FNF:9
FNH:3
FNDA:2,generateSitemapXML
FNDA:10,(anonymous_1)
FNDA:0,(anonymous_2)
FNDA:0,(anonymous_3)
FNDA:14,(anonymous_4)
FNDA:0,(anonymous_5)
FNDA:0,generateSitemapIndex
FNDA:0,(anonymous_7)
FNDA:0,generateRobotsTxt
DA:21,2
DA:26,2
DA:28,2
DA:31,2
DA:39,2
DA:47,2
DA:48,2
DA:56,2
DA:57,10
DA:67,2
DA:68,0
DA:69,0
DA:79,2
DA:80,0
DA:87,0
DA:91,2
DA:95,14
DA:98,14
DA:99,14
DA:102,14
DA:103,14
DA:106,14
DA:107,14
DA:111,14
DA:112,0
DA:113,0
DA:115,0
DA:116,0
DA:124,14
DA:125,14
DA:129,2
DA:135,2
DA:136,0
DA:138,0
DA:144,0
DA:150,2
DA:151,0
LF:37
LH:25
BRDA:26,0,0,0
BRDA:26,1,0,0
BRDA:26,2,0,0
BRDA:47,3,0,2
BRDA:47,3,1,0
BRDA:67,4,0,0
BRDA:67,4,1,2
BRDA:67,5,0,2
BRDA:67,5,1,2
BRDA:84,6,0,0
BRDA:84,6,1,0
BRDA:98,7,0,14
BRDA:98,7,1,0
BRDA:102,8,0,14
BRDA:102,8,1,0
BRDA:106,9,0,14
BRDA:106,9,1,0
BRDA:111,10,0,0
BRDA:111,10,1,14
BRDA:111,11,0,14
BRDA:111,11,1,14
BRDA:111,11,2,0
BRDA:115,12,0,0
BRDA:115,12,1,0
BRDA:115,13,0,0
BRDA:115,13,1,0
BRF:26
BRH:10
end_of_record
TN:
SF:server\lib\storage.ts
FN:11,uploadUserFile
FN:12,(anonymous_8)
FN:40,getSignedUrl
FN:41,(anonymous_10)
FN:58,deleteFile
FNF:5
FNH:0
FNDA:0,uploadUserFile
FNDA:0,(anonymous_8)
FNDA:0,getSignedUrl
FNDA:0,(anonymous_10)
FNDA:0,deleteFile
DA:4,4
DA:11,4
DA:12,0
DA:36,0
DA:40,4
DA:41,0
DA:54,0
DA:58,4
DA:69,4
LF:9
LH:5
BRDA:16,0,0,0
BRDA:43,1,0,0
BRF:2
BRH:0
end_of_record
TN:
SF:server\lib\upload.ts
FN:20,validateFile
FN:21,(anonymous_8)
FN:68,scanFile
FN:71,(anonymous_11)
FN:76,uploadToSupabase
FN:77,(anonymous_13)
FNF:6
FNH:0
FNDA:0,validateFile
FNDA:0,(anonymous_8)
FNDA:0,scanFile
FNDA:0,(anonymous_11)
FNDA:0,uploadToSupabase
FNDA:0,(anonymous_13)
DA:1,4
DA:3,4
DA:6,4
DA:13,4
DA:20,4
DA:21,0
DA:28,0
DA:31,0
DA:32,0
DA:33,0
DA:37,0
DA:38,0
DA:41,0
DA:42,0
DA:43,0
DA:45,0
DA:46,0
DA:50,0
DA:51,0
DA:52,0
DA:56,0
DA:61,0
DA:68,4
DA:71,0
DA:72,0
DA:76,4
DA:77,0
DA:105,0
DA:111,4
LF:29
LH:8
BRDA:22,0,0,0
BRDA:32,1,0,0
BRDA:32,1,1,0
BRDA:41,2,0,0
BRDA:41,2,1,0
BRDA:42,3,0,0
BRDA:42,3,1,0
BRDA:43,4,0,0
BRDA:43,4,1,0
BRDA:43,5,0,0
BRDA:43,5,1,0
BRDA:43,6,0,0
BRDA:43,6,1,0
BRDA:45,7,0,0
BRDA:45,7,1,0
BRDA:50,8,0,0
BRDA:50,8,1,0
BRDA:51,9,0,0
BRDA:51,9,1,0
BRDA:56,10,0,0
BRDA:56,10,1,0
BRDA:79,11,0,0
BRF:22
BRH:0
end_of_record
TN:
SF:server\lib\validation.ts
FN:28,(anonymous_7)
FN:43,(anonymous_8)
FN:58,(anonymous_9)
FN:66,(anonymous_10)
FN:78,(anonymous_11)
FN:105,(anonymous_12)
FN:111,(anonymous_13)
FN:116,(anonymous_14)
FN:125,(anonymous_15)
FN:126,(anonymous_16)
FN:133,(anonymous_17)
FN:134,(anonymous_18)
FN:134,(anonymous_19)
FN:159,(anonymous_20)
FNF:14
FNH:10
FNDA:1,(anonymous_7)
FNDA:1,(anonymous_8)
FNDA:5,(anonymous_9)
FNDA:15,(anonymous_10)
FNDA:14,(anonymous_11)
FNDA:7,(anonymous_12)
FNDA:9,(anonymous_13)
FNDA:8,(anonymous_14)
FNDA:0,(anonymous_15)
FNDA:0,(anonymous_16)
FNDA:32,(anonymous_17)
FNDA:0,(anonymous_18)
FNDA:0,(anonymous_19)
FNDA:5,(anonymous_20)
DA:1,5
DA:3,5
DA:22,5
DA:28,1
DA:32,5
DA:40,5
DA:43,1
DA:58,5
DA:59,5
DA:66,5
DA:68,15
DA:69,5
DA:73,10
DA:74,10
DA:78,5
DA:79,14
DA:92,14
DA:93,14
DA:97,5
DA:105,5
DA:107,7
DA:108,7
DA:111,5
DA:112,9
DA:113,9
DA:116,5
DA:118,8
DA:120,8
DA:121,8
DA:125,5
DA:126,0
DA:133,5
DA:134,32
DA:135,0
DA:137,0
DA:138,0
DA:140,0
DA:142,0
DA:143,0
DA:144,0
DA:146,0
DA:147,0
DA:148,0
DA:153,0
DA:159,5
DA:160,5
DA:163,5
DA:164,1
DA:168,5
DA:169,2
DA:173,5
DA:174,1
DA:178,5
DA:179,5
DA:180,5
DA:181,1
DA:184,5
DA:190,5
LF:58
LH:46
BRDA:68,0,0,5
BRDA:68,0,1,10
BRDA:68,1,0,15
BRDA:68,1,1,12
BRDA:68,1,2,11
BRDA:78,2,0,12
BRDA:92,3,0,2
BRDA:92,3,1,12
BRDA:113,4,0,9
BRDA:113,4,1,4
BRDA:121,5,0,8
BRDA:121,5,1,5
BRDA:121,5,2,5
BRDA:137,6,0,0
BRDA:137,6,1,0
BRDA:146,7,0,0
BRDA:146,7,1,0
BRDA:163,8,0,1
BRDA:163,8,1,4
BRDA:168,9,0,2
BRDA:168,9,1,3
BRDA:173,10,0,1
BRDA:173,10,1,4
BRDA:180,11,0,1
BRDA:180,11,1,4
BRF:25
BRH:21
end_of_record
